0 info it worked if it ends with ok
1 verbose cli [ '/usr/local/bin/node', '/usr/local/bin/npm', 'install' ]
2 info using npm@1.4.28
3 info using node@v0.10.32
4 verbose readDependencies using package.json deps
5 verbose install where, deps [ '/home/brandon/Development/GradProject/mindproject/local',
5 verbose install   [ 'site-data',
5 verbose install     'body-parser',
5 verbose install     'octonode',
5 verbose install     'cookie-parser',
5 verbose install     'marked',
5 verbose install     'debug',
5 verbose install     'express',
5 verbose install     'aws-sdk',
5 verbose install     'jade',
5 verbose install     'mongoose',
5 verbose install     'morgan',
5 verbose install     'multer',
5 verbose install     'serve-favicon',
5 verbose install     'highlight.js' ] ]
6 info preinstall site-template@0.5.0
7 verbose readDependencies using package.json deps
8 verbose cache add [ 'octonode@~0.6.13', null ]
9 verbose cache add name=undefined spec="octonode@~0.6.13" args=["octonode@~0.6.13",null]
10 verbose parsed url { protocol: null,
10 verbose parsed url   slashes: null,
10 verbose parsed url   auth: null,
10 verbose parsed url   host: null,
10 verbose parsed url   port: null,
10 verbose parsed url   hostname: null,
10 verbose parsed url   hash: null,
10 verbose parsed url   search: null,
10 verbose parsed url   query: null,
10 verbose parsed url   pathname: 'octonode@~0.6.13',
10 verbose parsed url   path: 'octonode@~0.6.13',
10 verbose parsed url   href: 'octonode@~0.6.13' }
11 verbose cache add [ 'cookie-parser@~1.3.3', null ]
12 verbose cache add name=undefined spec="cookie-parser@~1.3.3" args=["cookie-parser@~1.3.3",null]
13 verbose parsed url { protocol: null,
13 verbose parsed url   slashes: null,
13 verbose parsed url   auth: null,
13 verbose parsed url   host: null,
13 verbose parsed url   port: null,
13 verbose parsed url   hostname: null,
13 verbose parsed url   hash: null,
13 verbose parsed url   search: null,
13 verbose parsed url   query: null,
13 verbose parsed url   pathname: 'cookie-parser@~1.3.3',
13 verbose parsed url   path: 'cookie-parser@~1.3.3',
13 verbose parsed url   href: 'cookie-parser@~1.3.3' }
14 verbose cache add [ 'marked@~0.3.3', null ]
15 verbose cache add name=undefined spec="marked@~0.3.3" args=["marked@~0.3.3",null]
16 verbose parsed url { protocol: null,
16 verbose parsed url   slashes: null,
16 verbose parsed url   auth: null,
16 verbose parsed url   host: null,
16 verbose parsed url   port: null,
16 verbose parsed url   hostname: null,
16 verbose parsed url   hash: null,
16 verbose parsed url   search: null,
16 verbose parsed url   query: null,
16 verbose parsed url   pathname: 'marked@~0.3.3',
16 verbose parsed url   path: 'marked@~0.3.3',
16 verbose parsed url   href: 'marked@~0.3.3' }
17 verbose cache add name="octonode" spec="~0.6.13" args=["octonode","~0.6.13"]
18 verbose parsed url { protocol: null,
18 verbose parsed url   slashes: null,
18 verbose parsed url   auth: null,
18 verbose parsed url   host: null,
18 verbose parsed url   port: null,
18 verbose parsed url   hostname: null,
18 verbose parsed url   hash: null,
18 verbose parsed url   search: null,
18 verbose parsed url   query: null,
18 verbose parsed url   pathname: '~0.6.13',
18 verbose parsed url   path: '~0.6.13',
18 verbose parsed url   href: '~0.6.13' }
19 verbose addNamed [ 'octonode', '~0.6.13' ]
20 verbose addNamed [ null, '>=0.6.13-0 <0.7.0-0' ]
21 verbose cache add name="cookie-parser" spec="~1.3.3" args=["cookie-parser","~1.3.3"]
22 verbose parsed url { protocol: null,
22 verbose parsed url   slashes: null,
22 verbose parsed url   auth: null,
22 verbose parsed url   host: null,
22 verbose parsed url   port: null,
22 verbose parsed url   hostname: null,
22 verbose parsed url   hash: null,
22 verbose parsed url   search: null,
22 verbose parsed url   query: null,
22 verbose parsed url   pathname: '~1.3.3',
22 verbose parsed url   path: '~1.3.3',
22 verbose parsed url   href: '~1.3.3' }
23 verbose addNamed [ 'cookie-parser', '~1.3.3' ]
24 verbose addNamed [ null, '>=1.3.3-0 <1.4.0-0' ]
25 verbose cache add [ 'debug@~2.0.0', null ]
26 verbose cache add name=undefined spec="debug@~2.0.0" args=["debug@~2.0.0",null]
27 verbose parsed url { protocol: null,
27 verbose parsed url   slashes: null,
27 verbose parsed url   auth: null,
27 verbose parsed url   host: null,
27 verbose parsed url   port: null,
27 verbose parsed url   hostname: null,
27 verbose parsed url   hash: null,
27 verbose parsed url   search: null,
27 verbose parsed url   query: null,
27 verbose parsed url   pathname: 'debug@~2.0.0',
27 verbose parsed url   path: 'debug@~2.0.0',
27 verbose parsed url   href: 'debug@~2.0.0' }
28 verbose cache add [ 'express@~4.9.0', null ]
29 verbose cache add name=undefined spec="express@~4.9.0" args=["express@~4.9.0",null]
30 verbose parsed url { protocol: null,
30 verbose parsed url   slashes: null,
30 verbose parsed url   auth: null,
30 verbose parsed url   host: null,
30 verbose parsed url   port: null,
30 verbose parsed url   hostname: null,
30 verbose parsed url   hash: null,
30 verbose parsed url   search: null,
30 verbose parsed url   query: null,
30 verbose parsed url   pathname: 'express@~4.9.0',
30 verbose parsed url   path: 'express@~4.9.0',
30 verbose parsed url   href: 'express@~4.9.0' }
31 verbose cache add name="marked" spec="~0.3.3" args=["marked","~0.3.3"]
32 verbose parsed url { protocol: null,
32 verbose parsed url   slashes: null,
32 verbose parsed url   auth: null,
32 verbose parsed url   host: null,
32 verbose parsed url   port: null,
32 verbose parsed url   hostname: null,
32 verbose parsed url   hash: null,
32 verbose parsed url   search: null,
32 verbose parsed url   query: null,
32 verbose parsed url   pathname: '~0.3.3',
32 verbose parsed url   path: '~0.3.3',
32 verbose parsed url   href: '~0.3.3' }
33 verbose addNamed [ 'marked', '~0.3.3' ]
34 verbose addNamed [ null, '>=0.3.3-0 <0.4.0-0' ]
35 silly lockFile 2e7ad233-octonode-0-6-13 octonode@~0.6.13
36 verbose lock octonode@~0.6.13 /home/brandon/.npm/2e7ad233-octonode-0-6-13.lock
37 silly lockFile bf5babd8-cookie-parser-1-3-3 cookie-parser@~1.3.3
38 verbose lock cookie-parser@~1.3.3 /home/brandon/.npm/bf5babd8-cookie-parser-1-3-3.lock
39 silly lockFile b2494059-marked-0-3-3 marked@~0.3.3
40 verbose lock marked@~0.3.3 /home/brandon/.npm/b2494059-marked-0-3-3.lock
41 verbose cache add name="debug" spec="~2.0.0" args=["debug","~2.0.0"]
42 verbose parsed url { protocol: null,
42 verbose parsed url   slashes: null,
42 verbose parsed url   auth: null,
42 verbose parsed url   host: null,
42 verbose parsed url   port: null,
42 verbose parsed url   hostname: null,
42 verbose parsed url   hash: null,
42 verbose parsed url   search: null,
42 verbose parsed url   query: null,
42 verbose parsed url   pathname: '~2.0.0',
42 verbose parsed url   path: '~2.0.0',
42 verbose parsed url   href: '~2.0.0' }
43 verbose addNamed [ 'debug', '~2.0.0' ]
44 verbose addNamed [ null, '>=2.0.0-0 <2.1.0-0' ]
45 silly lockFile 12b6356d-debug-2-0-0 debug@~2.0.0
46 verbose lock debug@~2.0.0 /home/brandon/.npm/12b6356d-debug-2-0-0.lock
47 verbose cache add [ 'aws-sdk@~2.1.8', null ]
48 verbose cache add name=undefined spec="aws-sdk@~2.1.8" args=["aws-sdk@~2.1.8",null]
49 verbose parsed url { protocol: null,
49 verbose parsed url   slashes: null,
49 verbose parsed url   auth: null,
49 verbose parsed url   host: null,
49 verbose parsed url   port: null,
49 verbose parsed url   hostname: null,
49 verbose parsed url   hash: null,
49 verbose parsed url   search: null,
49 verbose parsed url   query: null,
49 verbose parsed url   pathname: 'aws-sdk@~2.1.8',
49 verbose parsed url   path: 'aws-sdk@~2.1.8',
49 verbose parsed url   href: 'aws-sdk@~2.1.8' }
50 verbose cache add [ 'jade@~1.6.0', null ]
51 verbose cache add name=undefined spec="jade@~1.6.0" args=["jade@~1.6.0",null]
52 verbose parsed url { protocol: null,
52 verbose parsed url   slashes: null,
52 verbose parsed url   auth: null,
52 verbose parsed url   host: null,
52 verbose parsed url   port: null,
52 verbose parsed url   hostname: null,
52 verbose parsed url   hash: null,
52 verbose parsed url   search: null,
52 verbose parsed url   query: null,
52 verbose parsed url   pathname: 'jade@~1.6.0',
52 verbose parsed url   path: 'jade@~1.6.0',
52 verbose parsed url   href: 'jade@~1.6.0' }
53 verbose cache add [ 'mongoose@~3.8.17', null ]
54 verbose cache add name=undefined spec="mongoose@~3.8.17" args=["mongoose@~3.8.17",null]
55 verbose parsed url { protocol: null,
55 verbose parsed url   slashes: null,
55 verbose parsed url   auth: null,
55 verbose parsed url   host: null,
55 verbose parsed url   port: null,
55 verbose parsed url   hostname: null,
55 verbose parsed url   hash: null,
55 verbose parsed url   search: null,
55 verbose parsed url   query: null,
55 verbose parsed url   pathname: 'mongoose@~3.8.17',
55 verbose parsed url   path: 'mongoose@~3.8.17',
55 verbose parsed url   href: 'mongoose@~3.8.17' }
56 verbose cache add name="express" spec="~4.9.0" args=["express","~4.9.0"]
57 verbose parsed url { protocol: null,
57 verbose parsed url   slashes: null,
57 verbose parsed url   auth: null,
57 verbose parsed url   host: null,
57 verbose parsed url   port: null,
57 verbose parsed url   hostname: null,
57 verbose parsed url   hash: null,
57 verbose parsed url   search: null,
57 verbose parsed url   query: null,
57 verbose parsed url   pathname: '~4.9.0',
57 verbose parsed url   path: '~4.9.0',
57 verbose parsed url   href: '~4.9.0' }
58 verbose addNamed [ 'express', '~4.9.0' ]
59 verbose addNamed [ null, '>=4.9.0-0 <4.10.0-0' ]
60 silly lockFile 6ae7fa08-express-4-9-0 express@~4.9.0
61 verbose lock express@~4.9.0 /home/brandon/.npm/6ae7fa08-express-4-9-0.lock
62 verbose cache add name="aws-sdk" spec="~2.1.8" args=["aws-sdk","~2.1.8"]
63 verbose parsed url { protocol: null,
63 verbose parsed url   slashes: null,
63 verbose parsed url   auth: null,
63 verbose parsed url   host: null,
63 verbose parsed url   port: null,
63 verbose parsed url   hostname: null,
63 verbose parsed url   hash: null,
63 verbose parsed url   search: null,
63 verbose parsed url   query: null,
63 verbose parsed url   pathname: '~2.1.8',
63 verbose parsed url   path: '~2.1.8',
63 verbose parsed url   href: '~2.1.8' }
64 verbose addNamed [ 'aws-sdk', '~2.1.8' ]
65 verbose addNamed [ null, '>=2.1.8-0 <2.2.0-0' ]
66 silly lockFile 0de5a8ca-aws-sdk-2-1-8 aws-sdk@~2.1.8
67 verbose lock aws-sdk@~2.1.8 /home/brandon/.npm/0de5a8ca-aws-sdk-2-1-8.lock
68 verbose cache add name="jade" spec="~1.6.0" args=["jade","~1.6.0"]
69 verbose parsed url { protocol: null,
69 verbose parsed url   slashes: null,
69 verbose parsed url   auth: null,
69 verbose parsed url   host: null,
69 verbose parsed url   port: null,
69 verbose parsed url   hostname: null,
69 verbose parsed url   hash: null,
69 verbose parsed url   search: null,
69 verbose parsed url   query: null,
69 verbose parsed url   pathname: '~1.6.0',
69 verbose parsed url   path: '~1.6.0',
69 verbose parsed url   href: '~1.6.0' }
70 verbose addNamed [ 'jade', '~1.6.0' ]
71 verbose addNamed [ null, '>=1.6.0-0 <1.7.0-0' ]
72 silly lockFile ad8c17a8-jade-1-6-0 jade@~1.6.0
73 verbose lock jade@~1.6.0 /home/brandon/.npm/ad8c17a8-jade-1-6-0.lock
74 verbose cache add [ 'morgan@~1.3.0', null ]
75 verbose cache add name=undefined spec="morgan@~1.3.0" args=["morgan@~1.3.0",null]
76 verbose parsed url { protocol: null,
76 verbose parsed url   slashes: null,
76 verbose parsed url   auth: null,
76 verbose parsed url   host: null,
76 verbose parsed url   port: null,
76 verbose parsed url   hostname: null,
76 verbose parsed url   hash: null,
76 verbose parsed url   search: null,
76 verbose parsed url   query: null,
76 verbose parsed url   pathname: 'morgan@~1.3.0',
76 verbose parsed url   path: 'morgan@~1.3.0',
76 verbose parsed url   href: 'morgan@~1.3.0' }
77 verbose cache add [ 'multer@~0.1.7', null ]
78 verbose cache add name=undefined spec="multer@~0.1.7" args=["multer@~0.1.7",null]
79 verbose parsed url { protocol: null,
79 verbose parsed url   slashes: null,
79 verbose parsed url   auth: null,
79 verbose parsed url   host: null,
79 verbose parsed url   port: null,
79 verbose parsed url   hostname: null,
79 verbose parsed url   hash: null,
79 verbose parsed url   search: null,
79 verbose parsed url   query: null,
79 verbose parsed url   pathname: 'multer@~0.1.7',
79 verbose parsed url   path: 'multer@~0.1.7',
79 verbose parsed url   href: 'multer@~0.1.7' }
80 verbose cache add [ 'serve-favicon@~2.1.3', null ]
81 verbose cache add name=undefined spec="serve-favicon@~2.1.3" args=["serve-favicon@~2.1.3",null]
82 verbose parsed url { protocol: null,
82 verbose parsed url   slashes: null,
82 verbose parsed url   auth: null,
82 verbose parsed url   host: null,
82 verbose parsed url   port: null,
82 verbose parsed url   hostname: null,
82 verbose parsed url   hash: null,
82 verbose parsed url   search: null,
82 verbose parsed url   query: null,
82 verbose parsed url   pathname: 'serve-favicon@~2.1.3',
82 verbose parsed url   path: 'serve-favicon@~2.1.3',
82 verbose parsed url   href: 'serve-favicon@~2.1.3' }
83 verbose cache add name="mongoose" spec="~3.8.17" args=["mongoose","~3.8.17"]
84 verbose parsed url { protocol: null,
84 verbose parsed url   slashes: null,
84 verbose parsed url   auth: null,
84 verbose parsed url   host: null,
84 verbose parsed url   port: null,
84 verbose parsed url   hostname: null,
84 verbose parsed url   hash: null,
84 verbose parsed url   search: null,
84 verbose parsed url   query: null,
84 verbose parsed url   pathname: '~3.8.17',
84 verbose parsed url   path: '~3.8.17',
84 verbose parsed url   href: '~3.8.17' }
85 verbose addNamed [ 'mongoose', '~3.8.17' ]
86 verbose addNamed [ null, '>=3.8.17-0 <3.9.0-0' ]
87 silly lockFile 9bb8523b-mongoose-3-8-17 mongoose@~3.8.17
88 verbose lock mongoose@~3.8.17 /home/brandon/.npm/9bb8523b-mongoose-3-8-17.lock
89 silly addNameRange { name: 'cookie-parser',
89 silly addNameRange   range: '>=1.3.3-0 <1.4.0-0',
89 silly addNameRange   hasData: false }
90 silly addNameRange { name: 'octonode',
90 silly addNameRange   range: '>=0.6.13-0 <0.7.0-0',
90 silly addNameRange   hasData: false }
91 silly addNameRange { name: 'marked', range: '>=0.3.3-0 <0.4.0-0', hasData: false }
92 silly addNameRange { name: 'debug', range: '>=2.0.0-0 <2.1.0-0', hasData: false }
93 verbose cache add name="morgan" spec="~1.3.0" args=["morgan","~1.3.0"]
94 verbose parsed url { protocol: null,
94 verbose parsed url   slashes: null,
94 verbose parsed url   auth: null,
94 verbose parsed url   host: null,
94 verbose parsed url   port: null,
94 verbose parsed url   hostname: null,
94 verbose parsed url   hash: null,
94 verbose parsed url   search: null,
94 verbose parsed url   query: null,
94 verbose parsed url   pathname: '~1.3.0',
94 verbose parsed url   path: '~1.3.0',
94 verbose parsed url   href: '~1.3.0' }
95 verbose addNamed [ 'morgan', '~1.3.0' ]
96 verbose addNamed [ null, '>=1.3.0-0 <1.4.0-0' ]
97 silly lockFile a4a9bdf4-morgan-1-3-0 morgan@~1.3.0
98 verbose lock morgan@~1.3.0 /home/brandon/.npm/a4a9bdf4-morgan-1-3-0.lock
99 verbose cache add name="multer" spec="~0.1.7" args=["multer","~0.1.7"]
100 verbose parsed url { protocol: null,
100 verbose parsed url   slashes: null,
100 verbose parsed url   auth: null,
100 verbose parsed url   host: null,
100 verbose parsed url   port: null,
100 verbose parsed url   hostname: null,
100 verbose parsed url   hash: null,
100 verbose parsed url   search: null,
100 verbose parsed url   query: null,
100 verbose parsed url   pathname: '~0.1.7',
100 verbose parsed url   path: '~0.1.7',
100 verbose parsed url   href: '~0.1.7' }
101 verbose addNamed [ 'multer', '~0.1.7' ]
102 verbose addNamed [ null, '>=0.1.7-0 <0.2.0-0' ]
103 silly lockFile afa52bca-multer-0-1-7 multer@~0.1.7
104 verbose lock multer@~0.1.7 /home/brandon/.npm/afa52bca-multer-0-1-7.lock
105 verbose cache add [ 'highlight.js@~8.4.0', null ]
106 verbose cache add name=undefined spec="highlight.js@~8.4.0" args=["highlight.js@~8.4.0",null]
107 verbose parsed url { protocol: null,
107 verbose parsed url   slashes: null,
107 verbose parsed url   auth: null,
107 verbose parsed url   host: null,
107 verbose parsed url   port: null,
107 verbose parsed url   hostname: null,
107 verbose parsed url   hash: null,
107 verbose parsed url   search: null,
107 verbose parsed url   query: null,
107 verbose parsed url   pathname: 'highlight.js@~8.4.0',
107 verbose parsed url   path: 'highlight.js@~8.4.0',
107 verbose parsed url   href: 'highlight.js@~8.4.0' }
108 verbose cache add [ 'site-data@git+https://github.com/BClark-Grad-Project/site-data#mindproject',
108 verbose cache add   null ]
109 verbose cache add name=undefined spec="site-data@git+https://github.com/BClark-Grad-Project/site-data#mindproject" args=["site-data@git+https://github.com/BClark-Grad-Project/site-data#mindproject",null]
110 verbose parsed url { protocol: null,
110 verbose parsed url   slashes: null,
110 verbose parsed url   auth: null,
110 verbose parsed url   host: null,
110 verbose parsed url   port: null,
110 verbose parsed url   hostname: null,
110 verbose parsed url   hash: '#mindproject',
110 verbose parsed url   search: null,
110 verbose parsed url   query: null,
110 verbose parsed url   pathname: 'site-data@git+https://github.com/BClark-Grad-Project/site-data',
110 verbose parsed url   path: 'site-data@git+https://github.com/BClark-Grad-Project/site-data',
110 verbose parsed url   href: 'site-data@git+https://github.com/BClark-Grad-Project/site-data#mindproject' }
111 verbose cache add [ 'body-parser@~1.8.1', null ]
112 verbose cache add name=undefined spec="body-parser@~1.8.1" args=["body-parser@~1.8.1",null]
113 verbose parsed url { protocol: null,
113 verbose parsed url   slashes: null,
113 verbose parsed url   auth: null,
113 verbose parsed url   host: null,
113 verbose parsed url   port: null,
113 verbose parsed url   hostname: null,
113 verbose parsed url   hash: null,
113 verbose parsed url   search: null,
113 verbose parsed url   query: null,
113 verbose parsed url   pathname: 'body-parser@~1.8.1',
113 verbose parsed url   path: 'body-parser@~1.8.1',
113 verbose parsed url   href: 'body-parser@~1.8.1' }
114 verbose cache add name="serve-favicon" spec="~2.1.3" args=["serve-favicon","~2.1.3"]
115 verbose parsed url { protocol: null,
115 verbose parsed url   slashes: null,
115 verbose parsed url   auth: null,
115 verbose parsed url   host: null,
115 verbose parsed url   port: null,
115 verbose parsed url   hostname: null,
115 verbose parsed url   hash: null,
115 verbose parsed url   search: null,
115 verbose parsed url   query: null,
115 verbose parsed url   pathname: '~2.1.3',
115 verbose parsed url   path: '~2.1.3',
115 verbose parsed url   href: '~2.1.3' }
116 verbose addNamed [ 'serve-favicon', '~2.1.3' ]
117 verbose addNamed [ null, '>=2.1.3-0 <2.2.0-0' ]
118 silly lockFile 38295489-serve-favicon-2-1-3 serve-favicon@~2.1.3
119 verbose lock serve-favicon@~2.1.3 /home/brandon/.npm/38295489-serve-favicon-2-1-3.lock
120 silly addNameRange { name: 'express', range: '>=4.9.0-0 <4.10.0-0', hasData: false }
121 silly addNameRange { name: 'aws-sdk', range: '>=2.1.8-0 <2.2.0-0', hasData: false }
122 silly addNameRange { name: 'jade', range: '>=1.6.0-0 <1.7.0-0', hasData: false }
123 verbose cache add name="highlight.js" spec="~8.4.0" args=["highlight.js","~8.4.0"]
124 verbose parsed url { protocol: null,
124 verbose parsed url   slashes: null,
124 verbose parsed url   auth: null,
124 verbose parsed url   host: null,
124 verbose parsed url   port: null,
124 verbose parsed url   hostname: null,
124 verbose parsed url   hash: null,
124 verbose parsed url   search: null,
124 verbose parsed url   query: null,
124 verbose parsed url   pathname: '~8.4.0',
124 verbose parsed url   path: '~8.4.0',
124 verbose parsed url   href: '~8.4.0' }
125 verbose addNamed [ 'highlight.js', '~8.4.0' ]
126 verbose addNamed [ null, '>=8.4.0-0 <8.5.0-0' ]
127 silly lockFile ce464ecd-highlight-js-8-4-0 highlight.js@~8.4.0
128 verbose lock highlight.js@~8.4.0 /home/brandon/.npm/ce464ecd-highlight-js-8-4-0.lock
129 verbose cache add name="site-data" spec="git+https://github.com/BClark-Grad-Project/site-data#mindproject" args=["site-data","git+https://github.com/BClark-Grad-Project/site-data#mindproject"]
130 verbose parsed url { protocol: 'git+https:',
130 verbose parsed url   slashes: true,
130 verbose parsed url   auth: null,
130 verbose parsed url   host: 'github.com',
130 verbose parsed url   port: null,
130 verbose parsed url   hostname: 'github.com',
130 verbose parsed url   hash: '#mindproject',
130 verbose parsed url   search: null,
130 verbose parsed url   query: null,
130 verbose parsed url   pathname: '/BClark-Grad-Project/site-data',
130 verbose parsed url   path: '/BClark-Grad-Project/site-data',
130 verbose parsed url   href: 'git+https://github.com/BClark-Grad-Project/site-data#mindproject' }
131 silly lockFile 13243703-om-BClark-Grad-Project-site-data https://github.com/BClark-Grad-Project/site-data
132 verbose lock https://github.com/BClark-Grad-Project/site-data /home/brandon/.npm/13243703-om-BClark-Grad-Project-site-data.lock
133 verbose cache add name="body-parser" spec="~1.8.1" args=["body-parser","~1.8.1"]
134 verbose parsed url { protocol: null,
134 verbose parsed url   slashes: null,
134 verbose parsed url   auth: null,
134 verbose parsed url   host: null,
134 verbose parsed url   port: null,
134 verbose parsed url   hostname: null,
134 verbose parsed url   hash: null,
134 verbose parsed url   search: null,
134 verbose parsed url   query: null,
134 verbose parsed url   pathname: '~1.8.1',
134 verbose parsed url   path: '~1.8.1',
134 verbose parsed url   href: '~1.8.1' }
135 verbose addNamed [ 'body-parser', '~1.8.1' ]
136 verbose addNamed [ null, '>=1.8.1-0 <1.9.0-0' ]
137 silly lockFile a49948c1-body-parser-1-8-1 body-parser@~1.8.1
138 verbose lock body-parser@~1.8.1 /home/brandon/.npm/a49948c1-body-parser-1-8-1.lock
139 silly addNameRange { name: 'mongoose',
139 silly addNameRange   range: '>=3.8.17-0 <3.9.0-0',
139 silly addNameRange   hasData: false }
140 silly addNameRange { name: 'morgan', range: '>=1.3.0-0 <1.4.0-0', hasData: false }
141 silly addNameRange { name: 'multer', range: '>=0.1.7-0 <0.2.0-0', hasData: false }
142 silly addNameRange { name: 'serve-favicon',
142 silly addNameRange   range: '>=2.1.3-0 <2.2.0-0',
142 silly addNameRange   hasData: false }
143 silly addNameRange { name: 'highlight.js',
143 silly addNameRange   range: '>=8.4.0-0 <8.5.0-0',
143 silly addNameRange   hasData: false }
144 silly addNameRange { name: 'body-parser',
144 silly addNameRange   range: '>=1.8.1-0 <1.9.0-0',
144 silly addNameRange   hasData: false }
145 verbose request where is /cookie-parser
146 verbose request registry https://registry.npmjs.org/
147 verbose request id 46f669227d1ad5dd
148 verbose url raw /cookie-parser
149 verbose url resolving [ 'https://registry.npmjs.org/', './cookie-parser' ]
150 verbose url resolved https://registry.npmjs.org/cookie-parser
151 verbose request where is https://registry.npmjs.org/cookie-parser
152 info trying registry request attempt 1 at 12:16:26
153 verbose etag "CV9BVYAHFMTHCAIT3Z3TNUF41"
154 http GET https://registry.npmjs.org/cookie-parser
155 verbose request where is /octonode
156 verbose request registry https://registry.npmjs.org/
157 verbose url raw /octonode
158 verbose url resolving [ 'https://registry.npmjs.org/', './octonode' ]
159 verbose url resolved https://registry.npmjs.org/octonode
160 verbose request where is https://registry.npmjs.org/octonode
161 info trying registry request attempt 1 at 12:16:26
162 verbose etag "B1JAT5BN3DFF02KLCPVAAEW3D"
163 http GET https://registry.npmjs.org/octonode
164 verbose request where is /marked
165 verbose request registry https://registry.npmjs.org/
166 verbose url raw /marked
167 verbose url resolving [ 'https://registry.npmjs.org/', './marked' ]
168 verbose url resolved https://registry.npmjs.org/marked
169 verbose request where is https://registry.npmjs.org/marked
170 info trying registry request attempt 1 at 12:16:26
171 verbose etag "DIKWZKJCUHHXNINT2ECUQENL2"
172 http GET https://registry.npmjs.org/marked
173 verbose request where is /debug
174 verbose request registry https://registry.npmjs.org/
175 verbose url raw /debug
176 verbose url resolving [ 'https://registry.npmjs.org/', './debug' ]
177 verbose url resolved https://registry.npmjs.org/debug
178 verbose request where is https://registry.npmjs.org/debug
179 info trying registry request attempt 1 at 12:16:26
180 verbose etag "ALFJOECWHISLZ4DH7SXTAXEIG"
181 http GET https://registry.npmjs.org/debug
182 verbose request where is /express
183 verbose request registry https://registry.npmjs.org/
184 verbose url raw /express
185 verbose url resolving [ 'https://registry.npmjs.org/', './express' ]
186 verbose url resolved https://registry.npmjs.org/express
187 verbose request where is https://registry.npmjs.org/express
188 info trying registry request attempt 1 at 12:16:26
189 verbose etag "BBJIU62AILEYYJHS6YJIE04JP"
190 http GET https://registry.npmjs.org/express
191 verbose request where is /aws-sdk
192 verbose request registry https://registry.npmjs.org/
193 verbose url raw /aws-sdk
194 verbose url resolving [ 'https://registry.npmjs.org/', './aws-sdk' ]
195 verbose url resolved https://registry.npmjs.org/aws-sdk
196 verbose request where is https://registry.npmjs.org/aws-sdk
197 info trying registry request attempt 1 at 12:16:26
198 verbose etag "B3XQYD77PEAR2CT885RLFBYXR"
199 http GET https://registry.npmjs.org/aws-sdk
200 verbose request where is /jade
201 verbose request registry https://registry.npmjs.org/
202 verbose url raw /jade
203 verbose url resolving [ 'https://registry.npmjs.org/', './jade' ]
204 verbose url resolved https://registry.npmjs.org/jade
205 verbose request where is https://registry.npmjs.org/jade
206 info trying registry request attempt 1 at 12:16:26
207 verbose etag "AB3QMCNXQCYPS7Y245INX3DHO"
208 http GET https://registry.npmjs.org/jade
209 verbose request where is /mongoose
210 verbose request registry https://registry.npmjs.org/
211 verbose url raw /mongoose
212 verbose url resolving [ 'https://registry.npmjs.org/', './mongoose' ]
213 verbose url resolved https://registry.npmjs.org/mongoose
214 verbose request where is https://registry.npmjs.org/mongoose
215 info trying registry request attempt 1 at 12:16:26
216 verbose etag "9NHJDPYDO9V0CGQ078I9RIKT3"
217 http GET https://registry.npmjs.org/mongoose
218 verbose request where is /morgan
219 verbose request registry https://registry.npmjs.org/
220 verbose url raw /morgan
221 verbose url resolving [ 'https://registry.npmjs.org/', './morgan' ]
222 verbose url resolved https://registry.npmjs.org/morgan
223 verbose request where is https://registry.npmjs.org/morgan
224 info trying registry request attempt 1 at 12:16:26
225 verbose etag "BU45IZBTGCMBXPOZKQ8FXEPJS"
226 http GET https://registry.npmjs.org/morgan
227 verbose request where is /multer
228 verbose request registry https://registry.npmjs.org/
229 verbose url raw /multer
230 verbose url resolving [ 'https://registry.npmjs.org/', './multer' ]
231 verbose url resolved https://registry.npmjs.org/multer
232 verbose request where is https://registry.npmjs.org/multer
233 info trying registry request attempt 1 at 12:16:26
234 verbose etag "1RS6L387TXDL2F3T6JD3P9TUQ"
235 http GET https://registry.npmjs.org/multer
236 verbose request where is /serve-favicon
237 verbose request registry https://registry.npmjs.org/
238 verbose url raw /serve-favicon
239 verbose url resolving [ 'https://registry.npmjs.org/', './serve-favicon' ]
240 verbose url resolved https://registry.npmjs.org/serve-favicon
241 verbose request where is https://registry.npmjs.org/serve-favicon
242 info trying registry request attempt 1 at 12:16:26
243 verbose etag "E5BSLOF3LLVN5Z1U3UXYTQLI9"
244 http GET https://registry.npmjs.org/serve-favicon
245 verbose request where is /highlight.js
246 verbose request registry https://registry.npmjs.org/
247 verbose url raw /highlight.js
248 verbose url resolving [ 'https://registry.npmjs.org/', './highlight.js' ]
249 verbose url resolved https://registry.npmjs.org/highlight.js
250 verbose request where is https://registry.npmjs.org/highlight.js
251 info trying registry request attempt 1 at 12:16:26
252 verbose etag "42S5242EVPS52PDR1GGQDN1WO"
253 http GET https://registry.npmjs.org/highlight.js
254 verbose request where is /body-parser
255 verbose request registry https://registry.npmjs.org/
256 verbose url raw /body-parser
257 verbose url resolving [ 'https://registry.npmjs.org/', './body-parser' ]
258 verbose url resolved https://registry.npmjs.org/body-parser
259 verbose request where is https://registry.npmjs.org/body-parser
260 info trying registry request attempt 1 at 12:16:26
261 verbose etag "4G98EU7AUYVB9BCPCY2CI2RYD"
262 http GET https://registry.npmjs.org/body-parser
263 http 304 https://registry.npmjs.org/marked
264 silly registry.get cb [ 304,
264 silly registry.get   { date: 'Mon, 20 Apr 2015 19:16:31 GMT',
264 silly registry.get     server: 'Apache',
264 silly registry.get     via: '1.1 varnish',
264 silly registry.get     'last-modified': 'Mon, 20 Apr 2015 19:16:31 GMT',
264 silly registry.get     'cache-control': 'max-age=60',
264 silly registry.get     etag: '"DIKWZKJCUHHXNINT2ECUQENL2"',
264 silly registry.get     age: '1',
264 silly registry.get     'x-served-by': 'cache-lax1425-LAX',
264 silly registry.get     'x-cache': 'HIT',
264 silly registry.get     'x-cache-hits': '1',
264 silly registry.get     'x-timer': 'S1429557391.517927,VS0,VE0',
264 silly registry.get     vary: 'Accept',
264 silly registry.get     'content-length': '0',
264 silly registry.get     'keep-alive': 'timeout=10, max=50',
264 silly registry.get     connection: 'Keep-Alive' } ]
265 verbose etag https://registry.npmjs.org/marked from cache
266 http 304 https://registry.npmjs.org/cookie-parser
267 silly registry.get cb [ 304,
267 silly registry.get   { date: 'Mon, 20 Apr 2015 19:16:31 GMT',
267 silly registry.get     server: 'Apache',
267 silly registry.get     via: '1.1 varnish',
267 silly registry.get     'last-modified': 'Mon, 20 Apr 2015 19:15:58 GMT',
267 silly registry.get     'cache-control': 'max-age=60',
267 silly registry.get     etag: '"CV9BVYAHFMTHCAIT3Z3TNUF41"',
267 silly registry.get     age: '60',
267 silly registry.get     'x-served-by': 'cache-lax1427-LAX',
267 silly registry.get     'x-cache': 'HIT',
267 silly registry.get     'x-cache-hits': '4',
267 silly registry.get     'x-timer': 'S1429557391.518084,VS0,VE0',
267 silly registry.get     vary: 'Accept',
267 silly registry.get     'content-length': '0',
267 silly registry.get     'keep-alive': 'timeout=10, max=50',
267 silly registry.get     connection: 'Keep-Alive' } ]
268 verbose etag https://registry.npmjs.org/cookie-parser from cache
269 http 304 https://registry.npmjs.org/debug
270 silly registry.get cb [ 304,
270 silly registry.get   { date: 'Mon, 20 Apr 2015 19:16:31 GMT',
270 silly registry.get     server: 'Apache',
270 silly registry.get     via: '1.1 varnish',
270 silly registry.get     'last-modified': 'Mon, 20 Apr 2015 19:15:55 GMT',
270 silly registry.get     'cache-control': 'max-age=60',
270 silly registry.get     etag: '"ALFJOECWHISLZ4DH7SXTAXEIG"',
270 silly registry.get     age: '56',
270 silly registry.get     'x-served-by': 'cache-lax1434-LAX',
270 silly registry.get     'x-cache': 'HIT',
270 silly registry.get     'x-cache-hits': '4',
270 silly registry.get     'x-timer': 'S1429557391.518804,VS0,VE0',
270 silly registry.get     vary: 'Accept',
270 silly registry.get     'content-length': '0',
270 silly registry.get     'keep-alive': 'timeout=10, max=50',
270 silly registry.get     connection: 'Keep-Alive' } ]
271 verbose etag https://registry.npmjs.org/debug from cache
272 http 304 https://registry.npmjs.org/express
273 silly registry.get cb [ 304,
273 silly registry.get   { date: 'Mon, 20 Apr 2015 19:16:31 GMT',
273 silly registry.get     server: 'Apache',
273 silly registry.get     via: '1.1 varnish',
273 silly registry.get     'last-modified': 'Mon, 20 Apr 2015 19:16:31 GMT',
273 silly registry.get     'cache-control': 'max-age=60',
273 silly registry.get     etag: '"BBJIU62AILEYYJHS6YJIE04JP"',
273 silly registry.get     age: '33',
273 silly registry.get     'x-served-by': 'cache-lax1434-LAX',
273 silly registry.get     'x-cache': 'HIT',
273 silly registry.get     'x-cache-hits': '1',
273 silly registry.get     'x-timer': 'S1429557391.521329,VS0,VE2',
273 silly registry.get     vary: 'Accept',
273 silly registry.get     'content-length': '0',
273 silly registry.get     'keep-alive': 'timeout=10, max=50',
273 silly registry.get     connection: 'Keep-Alive' } ]
274 verbose etag https://registry.npmjs.org/express from cache
275 http 304 https://registry.npmjs.org/aws-sdk
276 silly registry.get cb [ 304,
276 silly registry.get   { date: 'Mon, 20 Apr 2015 19:16:31 GMT',
276 silly registry.get     server: 'Apache',
276 silly registry.get     via: '1.1 varnish',
276 silly registry.get     'last-modified': 'Mon, 20 Apr 2015 19:16:31 GMT',
276 silly registry.get     'cache-control': 'max-age=60',
276 silly registry.get     etag: '"B3XQYD77PEAR2CT885RLFBYXR"',
276 silly registry.get     age: '33',
276 silly registry.get     'x-served-by': 'cache-lax1425-LAX',
276 silly registry.get     'x-cache': 'HIT',
276 silly registry.get     'x-cache-hits': '1',
276 silly registry.get     'x-timer': 'S1429557391.538725,VS0,VE1',
276 silly registry.get     vary: 'Accept',
276 silly registry.get     'content-length': '0',
276 silly registry.get     'keep-alive': 'timeout=10, max=49',
276 silly registry.get     connection: 'Keep-Alive' } ]
277 verbose etag https://registry.npmjs.org/aws-sdk from cache
278 http 304 https://registry.npmjs.org/jade
279 silly registry.get cb [ 304,
279 silly registry.get   { date: 'Mon, 20 Apr 2015 19:16:31 GMT',
279 silly registry.get     server: 'Apache',
279 silly registry.get     via: '1.1 varnish',
279 silly registry.get     'last-modified': 'Mon, 20 Apr 2015 19:15:58 GMT',
279 silly registry.get     'cache-control': 'max-age=60',
279 silly registry.get     etag: '"AB3QMCNXQCYPS7Y245INX3DHO"',
279 silly registry.get     age: '35',
279 silly registry.get     'x-served-by': 'cache-lax1427-LAX',
279 silly registry.get     'x-cache': 'HIT',
279 silly registry.get     'x-cache-hits': '2',
279 silly registry.get     'x-timer': 'S1429557391.545527,VS0,VE0',
279 silly registry.get     vary: 'Accept',
279 silly registry.get     'content-length': '0',
279 silly registry.get     'keep-alive': 'timeout=10, max=49',
279 silly registry.get     connection: 'Keep-Alive' } ]
280 verbose etag https://registry.npmjs.org/jade from cache
281 http 304 https://registry.npmjs.org/mongoose
282 silly registry.get cb [ 304,
282 silly registry.get   { date: 'Mon, 20 Apr 2015 19:16:31 GMT',
282 silly registry.get     server: 'Apache',
282 silly registry.get     via: '1.1 varnish',
282 silly registry.get     'last-modified': 'Mon, 20 Apr 2015 19:16:31 GMT',
282 silly registry.get     'cache-control': 'max-age=60',
282 silly registry.get     etag: '"9NHJDPYDO9V0CGQ078I9RIKT3"',
282 silly registry.get     age: '33',
282 silly registry.get     'x-served-by': 'cache-lax1434-LAX',
282 silly registry.get     'x-cache': 'HIT',
282 silly registry.get     'x-cache-hits': '1',
282 silly registry.get     'x-timer': 'S1429557391.546102,VS0,VE1',
282 silly registry.get     vary: 'Accept',
282 silly registry.get     'content-length': '0',
282 silly registry.get     'keep-alive': 'timeout=10, max=49',
282 silly registry.get     connection: 'Keep-Alive' } ]
283 verbose etag https://registry.npmjs.org/mongoose from cache
284 http 304 https://registry.npmjs.org/morgan
285 silly registry.get cb [ 304,
285 silly registry.get   { date: 'Mon, 20 Apr 2015 19:16:31 GMT',
285 silly registry.get     server: 'Apache',
285 silly registry.get     via: '1.1 varnish',
285 silly registry.get     'last-modified': 'Mon, 20 Apr 2015 19:16:31 GMT',
285 silly registry.get     'cache-control': 'max-age=60',
285 silly registry.get     etag: '"BU45IZBTGCMBXPOZKQ8FXEPJS"',
285 silly registry.get     age: '60',
285 silly registry.get     'x-served-by': 'cache-lax1434-LAX',
285 silly registry.get     'x-cache': 'HIT',
285 silly registry.get     'x-cache-hits': '1',
285 silly registry.get     'x-timer': 'S1429557391.551159,VS0,VE0',
285 silly registry.get     vary: 'Accept',
285 silly registry.get     'content-length': '0',
285 silly registry.get     'keep-alive': 'timeout=10, max=49',
285 silly registry.get     connection: 'Keep-Alive' } ]
286 verbose etag https://registry.npmjs.org/morgan from cache
287 http 304 https://registry.npmjs.org/octonode
288 silly registry.get cb [ 304,
288 silly registry.get   { date: 'Mon, 20 Apr 2015 19:16:31 GMT',
288 silly registry.get     server: 'Apache',
288 silly registry.get     via: '1.1 varnish',
288 silly registry.get     'last-modified': 'Mon, 20 Apr 2015 19:16:31 GMT',
288 silly registry.get     'cache-control': 'max-age=60',
288 silly registry.get     etag: '"B1JAT5BN3DFF02KLCPVAAEW3D"',
288 silly registry.get     age: '0',
288 silly registry.get     'x-served-by': 'cache-lax1420-LAX',
288 silly registry.get     'x-cache': 'MISS',
288 silly registry.get     'x-cache-hits': '0',
288 silly registry.get     'x-timer': 'S1429557391.524209,VS0,VE44',
288 silly registry.get     vary: 'Accept',
288 silly registry.get     'content-length': '0',
288 silly registry.get     'keep-alive': 'timeout=10, max=50',
288 silly registry.get     connection: 'Keep-Alive' } ]
289 verbose etag https://registry.npmjs.org/octonode from cache
290 http 304 https://registry.npmjs.org/serve-favicon
291 silly registry.get cb [ 304,
291 silly registry.get   { date: 'Mon, 20 Apr 2015 19:16:31 GMT',
291 silly registry.get     server: 'Apache',
291 silly registry.get     via: '1.1 varnish',
291 silly registry.get     'last-modified': 'Mon, 20 Apr 2015 19:16:17 GMT',
291 silly registry.get     'cache-control': 'max-age=60',
291 silly registry.get     etag: '"E5BSLOF3LLVN5Z1U3UXYTQLI9"',
291 silly registry.get     age: '22',
291 silly registry.get     'x-served-by': 'cache-lax1427-LAX',
291 silly registry.get     'x-cache': 'HIT',
291 silly registry.get     'x-cache-hits': '2',
291 silly registry.get     'x-timer': 'S1429557391.605723,VS0,VE0',
291 silly registry.get     vary: 'Accept',
291 silly registry.get     'content-length': '0',
291 silly registry.get     'keep-alive': 'timeout=10, max=48',
291 silly registry.get     connection: 'Keep-Alive' } ]
292 verbose etag https://registry.npmjs.org/serve-favicon from cache
293 http 304 https://registry.npmjs.org/highlight.js
294 silly registry.get cb [ 304,
294 silly registry.get   { date: 'Mon, 20 Apr 2015 19:16:31 GMT',
294 silly registry.get     server: 'Apache',
294 silly registry.get     via: '1.1 varnish',
294 silly registry.get     'last-modified': 'Mon, 20 Apr 2015 19:16:31 GMT',
294 silly registry.get     'cache-control': 'max-age=60',
294 silly registry.get     etag: '"42S5242EVPS52PDR1GGQDN1WO"',
294 silly registry.get     age: '15',
294 silly registry.get     'x-served-by': 'cache-lax1434-LAX',
294 silly registry.get     'x-cache': 'HIT',
294 silly registry.get     'x-cache-hits': '1',
294 silly registry.get     'x-timer': 'S1429557391.606266,VS0,VE0',
294 silly registry.get     vary: 'Accept',
294 silly registry.get     'content-length': '0',
294 silly registry.get     'keep-alive': 'timeout=10, max=48',
294 silly registry.get     connection: 'Keep-Alive' } ]
295 verbose etag https://registry.npmjs.org/highlight.js from cache
296 http 304 https://registry.npmjs.org/body-parser
297 silly registry.get cb [ 304,
297 silly registry.get   { date: 'Mon, 20 Apr 2015 19:16:31 GMT',
297 silly registry.get     server: 'Apache',
297 silly registry.get     via: '1.1 varnish',
297 silly registry.get     'last-modified': 'Mon, 20 Apr 2015 19:16:31 GMT',
297 silly registry.get     'cache-control': 'max-age=60',
297 silly registry.get     etag: '"4G98EU7AUYVB9BCPCY2CI2RYD"',
297 silly registry.get     age: '22',
297 silly registry.get     'x-served-by': 'cache-lax1434-LAX',
297 silly registry.get     'x-cache': 'HIT',
297 silly registry.get     'x-cache-hits': '1',
297 silly registry.get     'x-timer': 'S1429557391.607888,VS0,VE0',
297 silly registry.get     vary: 'Accept',
297 silly registry.get     'content-length': '0',
297 silly registry.get     'keep-alive': 'timeout=10, max=48',
297 silly registry.get     connection: 'Keep-Alive' } ]
298 verbose etag https://registry.npmjs.org/body-parser from cache
299 silly addNameRange number 2 { name: 'cookie-parser',
299 silly addNameRange   range: '>=1.3.3-0 <1.4.0-0',
299 silly addNameRange   hasData: true }
300 silly addNameRange versions [ 'cookie-parser',
300 silly addNameRange   [ '1.0.0',
300 silly addNameRange     '1.0.1',
300 silly addNameRange     '1.1.0',
300 silly addNameRange     '1.2.0',
300 silly addNameRange     '1.3.0',
300 silly addNameRange     '1.3.1',
300 silly addNameRange     '1.3.2',
300 silly addNameRange     '1.3.3',
300 silly addNameRange     '1.3.4' ] ]
301 verbose addNamed [ 'cookie-parser', '1.3.4' ]
302 verbose addNamed [ '1.3.4', '1.3.4' ]
303 silly lockFile db8a9715-cookie-parser-1-3-4 cookie-parser@1.3.4
304 verbose lock cookie-parser@1.3.4 /home/brandon/.npm/db8a9715-cookie-parser-1-3-4.lock
305 silly addNameRange number 2 { name: 'debug', range: '>=2.0.0-0 <2.1.0-0', hasData: true }
306 silly addNameRange versions [ 'debug',
306 silly addNameRange   [ '0.0.1',
306 silly addNameRange     '0.1.0',
306 silly addNameRange     '0.2.0',
306 silly addNameRange     '0.3.0',
306 silly addNameRange     '0.4.0',
306 silly addNameRange     '0.4.1',
306 silly addNameRange     '0.5.0',
306 silly addNameRange     '0.6.0',
306 silly addNameRange     '0.7.0',
306 silly addNameRange     '0.7.1',
306 silly addNameRange     '0.7.2',
306 silly addNameRange     '0.7.3',
306 silly addNameRange     '0.7.4',
306 silly addNameRange     '0.8.0',
306 silly addNameRange     '0.8.1',
306 silly addNameRange     '1.0.0',
306 silly addNameRange     '1.0.1',
306 silly addNameRange     '1.0.2',
306 silly addNameRange     '1.0.3',
306 silly addNameRange     '1.0.4',
306 silly addNameRange     '2.0.0',
306 silly addNameRange     '2.1.0',
306 silly addNameRange     '2.1.1',
306 silly addNameRange     '2.1.2',
306 silly addNameRange     '2.1.3' ] ]
307 verbose addNamed [ 'debug', '2.0.0' ]
308 verbose addNamed [ '2.0.0', '2.0.0' ]
309 silly lockFile 095bd820-debug-2-0-0 debug@2.0.0
310 verbose lock debug@2.0.0 /home/brandon/.npm/095bd820-debug-2-0-0.lock
311 silly addNameRange number 2 { name: 'marked', range: '>=0.3.3-0 <0.4.0-0', hasData: true }
312 silly addNameRange versions [ 'marked',
312 silly addNameRange   [ '0.0.1',
312 silly addNameRange     '0.0.2',
312 silly addNameRange     '0.0.3',
312 silly addNameRange     '0.0.4',
312 silly addNameRange     '0.0.5',
312 silly addNameRange     '0.0.6',
312 silly addNameRange     '0.0.7',
312 silly addNameRange     '0.0.8',
312 silly addNameRange     '0.0.9',
312 silly addNameRange     '0.1.0',
312 silly addNameRange     '0.1.1',
312 silly addNameRange     '0.1.2',
312 silly addNameRange     '0.1.3',
312 silly addNameRange     '0.1.4',
312 silly addNameRange     '0.1.5',
312 silly addNameRange     '0.1.6',
312 silly addNameRange     '0.1.7',
312 silly addNameRange     '0.1.8',
312 silly addNameRange     '0.1.9',
312 silly addNameRange     '0.2.0',
312 silly addNameRange     '0.2.1',
312 silly addNameRange     '0.2.2',
312 silly addNameRange     '0.2.2-1',
312 silly addNameRange     '0.2.3',
312 silly addNameRange     '0.2.4',
312 silly addNameRange     '0.2.4-1',
312 silly addNameRange     '0.2.5',
312 silly addNameRange     '0.2.6',
312 silly addNameRange     '0.2.7',
312 silly addNameRange     '0.2.8',
312 silly addNameRange     '0.2.9',
312 silly addNameRange     '0.2.10',
312 silly addNameRange     '0.3.0',
312 silly addNameRange     '0.3.1',
312 silly addNameRange     '0.3.2',
312 silly addNameRange     '0.3.3' ] ]
313 verbose addNamed [ 'marked', '0.3.3' ]
314 verbose addNamed [ '0.3.3', '0.3.3' ]
315 silly lockFile 1cfdfce5-marked-0-3-3 marked@0.3.3
316 verbose lock marked@0.3.3 /home/brandon/.npm/1cfdfce5-marked-0-3-3.lock
317 silly addNameRange number 2 { name: 'express', range: '>=4.9.0-0 <4.10.0-0', hasData: true }
318 silly addNameRange versions [ 'express',
318 silly addNameRange   [ '0.14.0',
318 silly addNameRange     '0.14.1',
318 silly addNameRange     '1.0.0',
318 silly addNameRange     '1.0.1',
318 silly addNameRange     '1.0.2',
318 silly addNameRange     '1.0.3',
318 silly addNameRange     '1.0.4',
318 silly addNameRange     '1.0.5',
318 silly addNameRange     '1.0.6',
318 silly addNameRange     '1.0.7',
318 silly addNameRange     '1.0.8',
318 silly addNameRange     '2.0.0',
318 silly addNameRange     '2.1.0',
318 silly addNameRange     '2.1.1',
318 silly addNameRange     '2.2.0',
318 silly addNameRange     '2.2.1',
318 silly addNameRange     '2.2.2',
318 silly addNameRange     '2.3.0',
318 silly addNameRange     '2.3.1',
318 silly addNameRange     '2.3.2',
318 silly addNameRange     '2.3.3',
318 silly addNameRange     '2.3.4',
318 silly addNameRange     '2.3.5',
318 silly addNameRange     '2.3.6',
318 silly addNameRange     '2.3.7',
318 silly addNameRange     '2.3.8',
318 silly addNameRange     '2.3.9',
318 silly addNameRange     '2.3.10',
318 silly addNameRange     '2.3.11',
318 silly addNameRange     '2.3.12',
318 silly addNameRange     '2.4.0',
318 silly addNameRange     '2.4.1',
318 silly addNameRange     '2.4.2',
318 silly addNameRange     '2.4.3',
318 silly addNameRange     '2.4.4',
318 silly addNameRange     '2.4.5',
318 silly addNameRange     '2.4.6',
318 silly addNameRange     '2.4.7',
318 silly addNameRange     '2.5.0',
318 silly addNameRange     '2.5.1',
318 silly addNameRange     '2.5.2',
318 silly addNameRange     '2.5.3',
318 silly addNameRange     '2.5.4',
318 silly addNameRange     '2.5.5',
318 silly addNameRange     '2.5.6',
318 silly addNameRange     '2.5.7',
318 silly addNameRange     '2.5.8',
318 silly addNameRange     '2.5.9',
318 silly addNameRange     '2.5.10',
318 silly addNameRange     '2.5.11',
318 silly addNameRange     '3.0.0',
318 silly addNameRange     '3.0.1',
318 silly addNameRange     '3.0.2',
318 silly addNameRange     '3.0.3',
318 silly addNameRange     '3.0.4',
318 silly addNameRange     '3.0.5',
318 silly addNameRange     '3.0.6',
318 silly addNameRange     '3.1.0',
318 silly addNameRange     '3.1.1',
318 silly addNameRange     '3.1.2',
318 silly addNameRange     '3.2.0',
318 silly addNameRange     '3.2.1',
318 silly addNameRange     '3.2.2',
318 silly addNameRange     '3.2.3',
318 silly addNameRange     '3.2.4',
318 silly addNameRange     '3.2.5',
318 silly addNameRange     '3.2.6',
318 silly addNameRange     '3.3.0',
318 silly addNameRange     '3.3.1',
318 silly addNameRange     '3.3.2',
318 silly addNameRange     '3.3.3',
318 silly addNameRange     '3.3.4',
318 silly addNameRange     '3.3.5',
318 silly addNameRange     '3.3.6',
318 silly addNameRange     '1.0.0-beta',
318 silly addNameRange     '1.0.0-beta2',
318 silly addNameRange     '1.0.0-rc',
318 silly addNameRange     '1.0.0-rc2',
318 silly addNameRange     '1.0.0-rc3',
318 silly addNameRange     '1.0.0-rc4',
318 silly addNameRange     '2.0.0-beta',
318 silly addNameRange     '2.0.0-beta2',
318 silly addNameRange     '2.0.0-beta3',
318 silly addNameRange     '2.0.0-rc',
318 silly addNameRange     '2.0.0-rc2',
318 silly addNameRange     '2.0.0-rc3',
318 silly addNameRange     '3.0.0-alpha1',
318 silly addNameRange     '3.0.0-alpha2',
318 silly addNameRange     '3.0.0-alpha3',
318 silly addNameRange     '3.0.0-alpha4',
318 silly addNameRange     '3.0.0-alpha5',
318 silly addNameRange     '3.0.0-beta1',
318 silly addNameRange     '3.0.0-beta2',
318 silly addNameRange     '3.0.0-beta3',
318 silly addNameRange     '3.0.0-beta4',
318 silly addNameRange     '3.0.0-beta6',
318 silly addNameRange     '3.0.0-beta7',
318 silly addNameRange     '3.0.0-rc1',
318 silly addNameRange     '3.0.0-rc2',
318 silly addNameRange     '3.0.0-rc3',
318 silly addNameRange     '3.0.0-rc4',
318 silly addNameRange     '3.0.0-rc5',
318 silly addNameRange     '3.3.7',
318 silly addNameRange     '3.3.8',
318 silly addNameRange     '3.4.0',
318 silly addNameRange     '3.4.1',
318 silly addNameRange     '3.4.2',
318 silly addNameRange     '3.4.3',
318 silly addNameRange     '3.4.4',
318 silly addNameRange     '3.4.5',
318 silly addNameRange     '3.4.6',
318 silly addNameRange     '3.4.7',
318 silly addNameRange     '3.4.8',
318 silly addNameRange     '4.0.0-rc1',
318 silly addNameRange     '4.0.0-rc2',
318 silly addNameRange     '3.5.0',
318 silly addNameRange     '4.0.0-rc3',
318 silly addNameRange     '4.0.0-rc4',
318 silly addNameRange     '3.5.1',
318 silly addNameRange     '4.0.0',
318 silly addNameRange     '3.5.2',
318 silly addNameRange     '4.1.0',
318 silly addNameRange     '4.1.1',
318 silly addNameRange     '3.5.3',
318 silly addNameRange     '4.1.2',
318 silly addNameRange     '3.6.0',
318 silly addNameRange     '4.2.0',
318 silly addNameRange     '3.7.0',
318 silly addNameRange     '3.8.0',
318 silly addNameRange     '4.3.0',
318 silly addNameRange     '4.3.1',
318 silly addNameRange     '3.8.1',
318 silly addNameRange     '4.3.2',
318 silly addNameRange     '3.9.0',
318 silly addNameRange     '4.4.0',
318 silly addNameRange     '4.4.1',
318 silly addNameRange     '3.10.0',
318 silly addNameRange     '3.10.1',
318 silly addNameRange     '3.10.2',
318 silly addNameRange     '3.10.3',
318 silly addNameRange     '3.10.4',
318 silly addNameRange     '4.4.2',
318 silly addNameRange     '3.10.5',
318 silly addNameRange     '4.4.3',
318 silly addNameRange     '3.11.0',
318 silly addNameRange     '4.4.4',
318 silly addNameRange     '3.12.0',
318 silly addNameRange     '3.12.1',
318 silly addNameRange     '4.4.5',
318 silly addNameRange     '3.13.0',
318 silly addNameRange     '4.5.0',
318 silly addNameRange     '4.5.1',
318 silly addNameRange     '3.14.0',
318 silly addNameRange     '4.6.0',
318 silly addNameRange     '4.6.1',
318 silly addNameRange     '3.15.0',
318 silly addNameRange     '4.7.0',
318 silly addNameRange     '3.15.1',
318 silly addNameRange     '4.7.1',
318 silly addNameRange     '3.15.2',
318 silly addNameRange     '4.7.2',
318 silly addNameRange     '4.7.3',
318 silly addNameRange     '3.15.3',
318 silly addNameRange     '4.7.4',
318 silly addNameRange     '3.16.0',
318 silly addNameRange     '4.8.0',
318 silly addNameRange     '3.16.1',
318 silly addNameRange     '4.8.1',
318 silly addNameRange     '3.16.2',
318 silly addNameRange     '4.8.2',
318 silly addNameRange     '3.16.3',
318 silly addNameRange     '3.16.4',
318 silly addNameRange     '4.8.3',
318 silly addNameRange     '3.16.5',
318 silly addNameRange     '3.16.6',
318 silly addNameRange     '4.8.4',
318 silly addNameRange     '3.16.7',
318 silly addNameRange     '4.8.5',
318 silly addNameRange     '3.16.8',
318 silly addNameRange     '4.8.6',
318 silly addNameRange     '3.16.9',
318 silly addNameRange     '4.8.7',
318 silly addNameRange     '3.16.10',
318 silly addNameRange     '4.8.8',
318 silly addNameRange     '3.17.0',
318 silly addNameRange     '3.17.1',
318 silly addNameRange     '4.9.0',
318 silly addNameRange     '3.17.2',
318 silly addNameRange     '4.9.1',
318 silly addNameRange     '4.9.2',
318 silly addNameRange     '3.17.3',
318 silly addNameRange     '4.9.3',
318 silly addNameRange     '3.17.4',
318 silly addNameRange     '4.9.4',
318 silly addNameRange     '3.17.5',
318 silly addNameRange     '4.9.5',
318 silly addNameRange     '3.17.6',
318 silly addNameRange     '3.17.7',
318 silly addNameRange     '4.9.6',
318 silly addNameRange     '4.9.7',
318 silly addNameRange     '3.17.8',
318 silly addNameRange     '4.9.8',
318 silly addNameRange     '3.18.0',
318 silly addNameRange     '3.18.1',
318 silly addNameRange     '4.10.0',
318 silly addNameRange     '3.18.2',
318 silly addNameRange     '4.10.1',
318 silly addNameRange     '5.0.0-alpha.1',
318 silly addNameRange     '3.18.3',
318 silly addNameRange     '4.10.2',
318 silly addNameRange     '3.18.4',
318 silly addNameRange     '4.10.3',
318 silly addNameRange     '4.10.4',
318 silly addNameRange     '4.10.5',
318 silly addNameRange     '3.18.5',
318 silly addNameRange     '3.18.6',
318 silly addNameRange     '4.10.6',
318 silly addNameRange     '4.10.7',
318 silly addNameRange     '3.19.0',
318 silly addNameRange     '4.10.8',
318 silly addNameRange     '4.11.0',
318 silly addNameRange     '3.19.1',
318 silly addNameRange     '4.11.1',
318 silly addNameRange     '3.19.2',
318 silly addNameRange     '4.11.2',
318 silly addNameRange     '3.20.0',
318 silly addNameRange     '4.12.0',
318 silly addNameRange     '3.20.1',
318 silly addNameRange     '4.12.1',
318 silly addNameRange     '4.12.2',
318 silly addNameRange     '3.20.2',
318 silly addNameRange     '4.12.3' ] ]
319 verbose addNamed [ 'express', '4.9.8' ]
320 verbose addNamed [ '4.9.8', '4.9.8' ]
321 silly lockFile 3e3a25f6-express-4-9-8 express@4.9.8
322 verbose lock express@4.9.8 /home/brandon/.npm/3e3a25f6-express-4-9-8.lock
323 silly addNameRange number 2 { name: 'aws-sdk', range: '>=2.1.8-0 <2.2.0-0', hasData: true }
324 silly addNameRange versions [ 'aws-sdk',
324 silly addNameRange   [ '0.9.0-pre.1',
324 silly addNameRange     '0.9.1-pre.2',
324 silly addNameRange     '0.9.2-pre.3',
324 silly addNameRange     '0.9.3-pre.4',
324 silly addNameRange     '0.9.4-pre.5',
324 silly addNameRange     '0.9.5-pre.6',
324 silly addNameRange     '0.9.6-pre.7',
324 silly addNameRange     '0.9.7-pre.8',
324 silly addNameRange     '0.9.8-pre.9',
324 silly addNameRange     '0.9.9-pre.10',
324 silly addNameRange     '1.0.0',
324 silly addNameRange     '1.1.0',
324 silly addNameRange     '1.2.0',
324 silly addNameRange     '1.3.0',
324 silly addNameRange     '1.3.1',
324 silly addNameRange     '1.3.2',
324 silly addNameRange     '1.4.0',
324 silly addNameRange     '1.4.1',
324 silly addNameRange     '1.5.0',
324 silly addNameRange     '1.5.1',
324 silly addNameRange     '1.5.2',
324 silly addNameRange     '1.6.0',
324 silly addNameRange     '1.7.0',
324 silly addNameRange     '1.7.1',
324 silly addNameRange     '1.8.0',
324 silly addNameRange     '1.8.1',
324 silly addNameRange     '1.9.0',
324 silly addNameRange     '1.10.0',
324 silly addNameRange     '2.0.0-rc1',
324 silly addNameRange     '1.12.0',
324 silly addNameRange     '1.13.0',
324 silly addNameRange     '1.14.0',
324 silly addNameRange     '2.0.0-rc2',
324 silly addNameRange     '1.15.0',
324 silly addNameRange     '2.0.0-rc3',
324 silly addNameRange     '1.16.0',
324 silly addNameRange     '2.0.0-rc4',
324 silly addNameRange     '1.17.0',
324 silly addNameRange     '2.0.0-rc5',
324 silly addNameRange     '1.17.1',
324 silly addNameRange     '2.0.0-rc6',
324 silly addNameRange     '1.17.2',
324 silly addNameRange     '2.0.0-rc7',
324 silly addNameRange     '1.17.3',
324 silly addNameRange     '2.0.0-rc8',
324 silly addNameRange     '1.18.0',
324 silly addNameRange     '2.0.0-rc9',
324 silly addNameRange     '2.0.0-rc10',
324 silly addNameRange     '2.0.0-rc11',
324 silly addNameRange     '2.0.0-rc12',
324 silly addNameRange     '2.0.0-rc13',
324 silly addNameRange     '2.0.0-rc.14',
324 silly addNameRange     '2.0.0-rc.15',
324 silly addNameRange     '2.0.0-rc.16',
324 silly addNameRange     '2.0.0-rc.17',
324 silly addNameRange     '2.0.0-rc.18',
324 silly addNameRange     '2.0.0-rc.19',
324 silly addNameRange     '2.0.0-rc.20',
324 silly addNameRange     '2.0.1',
324 silly addNameRange     '2.0.2',
324 silly addNameRange     '2.0.3',
324 silly addNameRange     '2.0.4',
324 silly addNameRange     '2.0.5',
324 silly addNameRange     '2.0.6',
324 silly addNameRange     '2.0.7',
324 silly addNameRange     '2.0.8',
324 silly addNameRange     '2.0.9',
324 silly addNameRange     '2.0.10',
324 silly addNameRange     '2.0.11',
324 silly addNameRange     '2.0.12',
324 silly addNameRange     '2.0.13',
324 silly addNameRange     '2.0.14',
324 silly addNameRange     '2.0.15',
324 silly addNameRange     '2.0.16',
324 silly addNameRange     '2.0.17',
324 silly addNameRange     '2.0.18',
324 silly addNameRange     '2.0.19',
324 silly addNameRange     '2.0.21',
324 silly addNameRange     '2.0.22',
324 silly addNameRange     '2.0.23',
324 silly addNameRange     '2.0.24',
324 silly addNameRange     '2.0.25',
324 silly addNameRange     '2.0.26',
324 silly addNameRange     '2.0.27',
324 silly addNameRange     '2.0.28',
324 silly addNameRange     '2.0.29',
324 silly addNameRange     '2.0.30',
324 silly addNameRange     '2.0.31',
324 silly addNameRange     '2.1.0',
324 silly addNameRange     '2.1.1',
324 silly addNameRange     '2.1.2',
324 silly addNameRange     '2.1.3',
324 silly addNameRange     '2.1.4',
324 silly addNameRange     '2.1.5',
324 silly addNameRange     '2.1.6',
324 silly addNameRange     '2.1.7',
324 silly addNameRange     '2.1.8',
324 silly addNameRange     '2.1.9',
324 silly addNameRange     '2.1.10',
324 silly addNameRange     '2.1.11',
324 silly addNameRange     '2.1.12',
324 silly addNameRange     '2.1.13',
324 silly addNameRange     '2.1.14',
324 silly addNameRange     '2.1.15',
324 silly addNameRange     '2.1.16',
324 silly addNameRange     '2.1.17',
324 silly addNameRange     '2.1.18',
324 silly addNameRange     '2.1.19',
324 silly addNameRange     '2.1.20',
324 silly addNameRange     '2.1.21',
324 silly addNameRange     '2.1.22',
324 silly addNameRange     '2.1.23',
324 silly addNameRange     '2.1.24' ] ]
325 verbose addNamed [ 'aws-sdk', '2.1.24' ]
326 verbose addNamed [ '2.1.24', '2.1.24' ]
327 silly lockFile 97be462a-aws-sdk-2-1-24 aws-sdk@2.1.24
328 verbose lock aws-sdk@2.1.24 /home/brandon/.npm/97be462a-aws-sdk-2-1-24.lock
329 silly addNameRange number 2 { name: 'morgan', range: '>=1.3.0-0 <1.4.0-0', hasData: true }
330 silly addNameRange versions [ 'morgan',
330 silly addNameRange   [ '1.0.0',
330 silly addNameRange     '1.0.1',
330 silly addNameRange     '1.1.0',
330 silly addNameRange     '1.1.1',
330 silly addNameRange     '1.2.0',
330 silly addNameRange     '1.2.1',
330 silly addNameRange     '1.2.2',
330 silly addNameRange     '1.2.3',
330 silly addNameRange     '1.3.0',
330 silly addNameRange     '1.3.1',
330 silly addNameRange     '1.3.2',
330 silly addNameRange     '1.4.0',
330 silly addNameRange     '1.4.1',
330 silly addNameRange     '1.5.0',
330 silly addNameRange     '1.5.1',
330 silly addNameRange     '1.5.2' ] ]
331 verbose addNamed [ 'morgan', '1.3.2' ]
332 verbose addNamed [ '1.3.2', '1.3.2' ]
333 silly lockFile 7e2b41c6-morgan-1-3-2 morgan@1.3.2
334 verbose lock morgan@1.3.2 /home/brandon/.npm/7e2b41c6-morgan-1-3-2.lock
335 silly addNameRange number 2 { name: 'jade', range: '>=1.6.0-0 <1.7.0-0', hasData: true }
336 silly addNameRange versions [ 'jade',
336 silly addNameRange   [ '0.0.1',
336 silly addNameRange     '0.0.2',
336 silly addNameRange     '0.1.0',
336 silly addNameRange     '0.2.0',
336 silly addNameRange     '0.2.1',
336 silly addNameRange     '0.2.2',
336 silly addNameRange     '0.2.3',
336 silly addNameRange     '0.2.4',
336 silly addNameRange     '0.3.0',
336 silly addNameRange     '0.4.0',
336 silly addNameRange     '0.4.1',
336 silly addNameRange     '0.5.0',
336 silly addNameRange     '0.5.1',
336 silly addNameRange     '0.5.2',
336 silly addNameRange     '0.5.3',
336 silly addNameRange     '0.5.4',
336 silly addNameRange     '0.5.5',
336 silly addNameRange     '0.5.6',
336 silly addNameRange     '0.5.7',
336 silly addNameRange     '0.6.0',
336 silly addNameRange     '0.6.1',
336 silly addNameRange     '0.6.3',
336 silly addNameRange     '0.7.0',
336 silly addNameRange     '0.7.1',
336 silly addNameRange     '0.8.0',
336 silly addNameRange     '0.8.1',
336 silly addNameRange     '0.8.2',
336 silly addNameRange     '0.8.3',
336 silly addNameRange     '0.8.4',
336 silly addNameRange     '0.8.5',
336 silly addNameRange     '0.8.6',
336 silly addNameRange     '0.8.7',
336 silly addNameRange     '0.8.8',
336 silly addNameRange     '0.8.9',
336 silly addNameRange     '0.9.0',
336 silly addNameRange     '0.9.1',
336 silly addNameRange     '0.9.2',
336 silly addNameRange     '0.9.3',
336 silly addNameRange     '0.10.0',
336 silly addNameRange     '0.10.1',
336 silly addNameRange     '0.10.2',
336 silly addNameRange     '0.10.3',
336 silly addNameRange     '0.10.4',
336 silly addNameRange     '0.10.5',
336 silly addNameRange     '0.10.6',
336 silly addNameRange     '0.10.7',
336 silly addNameRange     '0.11.0',
336 silly addNameRange     '0.11.1',
336 silly addNameRange     '0.12.0',
336 silly addNameRange     '0.12.1',
336 silly addNameRange     '0.12.2',
336 silly addNameRange     '0.12.3',
336 silly addNameRange     '0.12.4',
336 silly addNameRange     '0.13.0',
336 silly addNameRange     '0.14.0',
336 silly addNameRange     '0.14.1',
336 silly addNameRange     '0.14.2',
336 silly addNameRange     '0.15.0',
336 silly addNameRange     '0.15.1',
336 silly addNameRange     '0.15.2',
336 silly addNameRange     '0.15.3',
336 silly addNameRange     '0.15.4',
336 silly addNameRange     '0.16.0',
336 silly addNameRange     '0.16.1',
336 silly addNameRange     '0.16.2',
336 silly addNameRange     '0.16.3',
336 silly addNameRange     '0.16.4',
336 silly addNameRange     '0.17.0',
336 silly addNameRange     '0.18.0',
336 silly addNameRange     '0.19.0',
336 silly addNameRange     '0.20.0',
336 silly addNameRange     '0.20.1',
336 silly addNameRange     '0.20.2',
336 silly addNameRange     '0.20.3',
336 silly addNameRange     '0.21.0',
336 silly addNameRange     '0.22.0',
336 silly addNameRange     '0.22.1',
336 silly addNameRange     '0.23.0',
336 silly addNameRange     '0.24.0',
336 silly addNameRange     '0.25.0',
336 silly addNameRange     '0.26.0',
336 silly addNameRange     '0.26.1',
336 silly addNameRange     '0.26.2',
336 silly addNameRange     '0.26.3',
336 silly addNameRange     '0.27.0',
336 silly addNameRange     '0.27.1',
336 silly addNameRange     '0.27.2',
336 silly addNameRange     '0.27.3',
336 silly addNameRange     '0.27.4',
336 silly addNameRange     '0.27.5',
336 silly addNameRange     '0.27.6',
336 silly addNameRange     '0.27.7',
336 silly addNameRange     '0.28.0',
336 silly addNameRange     '0.28.1',
336 silly addNameRange     '0.28.2',
336 silly addNameRange     '0.29.0',
336 silly addNameRange     '0.30.0',
336 silly addNameRange     '0.31.0',
336 silly addNameRange     '0.31.1',
336 silly addNameRange     '0.31.2',
336 silly addNameRange     '0.32.0',
336 silly addNameRange     '0.33.0',
336 silly addNameRange     '0.34.0',
336 silly addNameRange     '0.34.1',
336 silly addNameRange     '0.35.0',
336 silly addNameRange     '1.0.0',
336 silly addNameRange     '1.0.1',
336 silly addNameRange     '1.0.2',
336 silly addNameRange     '1.1.0',
336 silly addNameRange     '1.1.1',
336 silly addNameRange     '1.1.2',
336 silly addNameRange     '1.1.3',
336 silly addNameRange     '1.1.4',
336 silly addNameRange     '1.1.5',
336 silly addNameRange     '1.2.0',
336 silly addNameRange     '1.3.0',
336 silly addNameRange     '1.3.1',
336 silly addNameRange     '1.4.0',
336 silly addNameRange     '1.4.1',
336 silly addNameRange     '1.4.2',
336 silly addNameRange     '1.5.0',
336 silly addNameRange     '1.6.0',
336 silly addNameRange     '1.7.0',
336 silly addNameRange     '1.8.0',
336 silly addNameRange     '1.8.1',
336 silly addNameRange     '1.8.2',
336 silly addNameRange     '1.9.0',
336 silly addNameRange     '1.9.1',
336 silly addNameRange     '1.9.2' ] ]
337 verbose addNamed [ 'jade', '1.6.0' ]
338 verbose addNamed [ '1.6.0', '1.6.0' ]
339 silly lockFile c06071bd-jade-1-6-0 jade@1.6.0
340 verbose lock jade@1.6.0 /home/brandon/.npm/c06071bd-jade-1-6-0.lock
341 silly addNameRange number 2 { name: 'mongoose', range: '>=3.8.17-0 <3.9.0-0', hasData: true }
342 silly addNameRange versions [ 'mongoose',
342 silly addNameRange   [ '0.0.1',
342 silly addNameRange     '0.0.2',
342 silly addNameRange     '0.0.3',
342 silly addNameRange     '0.0.4',
342 silly addNameRange     '0.0.5',
342 silly addNameRange     '1.0.0',
342 silly addNameRange     '1.0.1',
342 silly addNameRange     '1.0.2',
342 silly addNameRange     '0.0.6',
342 silly addNameRange     '1.0.3',
342 silly addNameRange     '1.0.4',
342 silly addNameRange     '1.0.5',
342 silly addNameRange     '1.0.6',
342 silly addNameRange     '1.0.7',
342 silly addNameRange     '1.0.8',
342 silly addNameRange     '1.0.10',
342 silly addNameRange     '1.0.11',
342 silly addNameRange     '1.0.12',
342 silly addNameRange     '1.0.13',
342 silly addNameRange     '1.0.14',
342 silly addNameRange     '1.0.15',
342 silly addNameRange     '1.0.16',
342 silly addNameRange     '1.1.0',
342 silly addNameRange     '1.1.1',
342 silly addNameRange     '1.1.2',
342 silly addNameRange     '1.1.3',
342 silly addNameRange     '1.1.4',
342 silly addNameRange     '1.1.5',
342 silly addNameRange     '1.1.6',
342 silly addNameRange     '1.1.7',
342 silly addNameRange     '1.1.8',
342 silly addNameRange     '1.1.9',
342 silly addNameRange     '1.1.10',
342 silly addNameRange     '1.1.11',
342 silly addNameRange     '1.1.12',
342 silly addNameRange     '1.1.13',
342 silly addNameRange     '1.1.14',
342 silly addNameRange     '1.1.15',
342 silly addNameRange     '1.1.16',
342 silly addNameRange     '1.1.17',
342 silly addNameRange     '1.1.18',
342 silly addNameRange     '1.1.19',
342 silly addNameRange     '1.1.20',
342 silly addNameRange     '1.1.21',
342 silly addNameRange     '1.1.22',
342 silly addNameRange     '1.1.23',
342 silly addNameRange     '1.1.24',
342 silly addNameRange     '1.1.25',
342 silly addNameRange     '1.2.0',
342 silly addNameRange     '1.3.0',
342 silly addNameRange     '1.3.1',
342 silly addNameRange     '1.3.2',
342 silly addNameRange     '1.3.3',
342 silly addNameRange     '1.3.4',
342 silly addNameRange     '1.3.5',
342 silly addNameRange     '1.3.6',
342 silly addNameRange     '1.3.7',
342 silly addNameRange     '1.4.0',
342 silly addNameRange     '1.5.0',
342 silly addNameRange     '1.6.0',
342 silly addNameRange     '1.7.2',
342 silly addNameRange     '1.7.3',
342 silly addNameRange     '1.7.4',
342 silly addNameRange     '1.8.0',
342 silly addNameRange     '1.8.1',
342 silly addNameRange     '1.8.2',
342 silly addNameRange     '1.8.3',
342 silly addNameRange     '1.8.4',
342 silly addNameRange     '2.0.0',
342 silly addNameRange     '2.0.1',
342 silly addNameRange     '2.0.2',
342 silly addNameRange     '2.0.3',
342 silly addNameRange     '2.0.4',
342 silly addNameRange     '2.1.0',
342 silly addNameRange     '2.1.1',
342 silly addNameRange     '2.1.2',
342 silly addNameRange     '2.1.3',
342 silly addNameRange     '2.1.4',
342 silly addNameRange     '2.2.0',
342 silly addNameRange     '2.2.1',
342 silly addNameRange     '2.2.2',
342 silly addNameRange     '2.2.3',
342 silly addNameRange     '2.2.4',
342 silly addNameRange     '2.3.0',
342 silly addNameRange     '2.3.1',
342 silly addNameRange     '2.3.2',
342 silly addNameRange     '2.3.3',
342 silly addNameRange     '2.3.4',
342 silly addNameRange     '2.3.5',
342 silly addNameRange     '2.3.6',
342 silly addNameRange     '2.3.7',
342 silly addNameRange     '2.3.8',
342 silly addNameRange     '2.3.9',
342 silly addNameRange     '2.3.10',
342 silly addNameRange     '2.3.11',
342 silly addNameRange     '2.3.12',
342 silly addNameRange     '2.3.13',
342 silly addNameRange     '2.4.0',
342 silly addNameRange     '2.4.1',
342 silly addNameRange     '2.4.2',
342 silly addNameRange     '2.4.3',
342 silly addNameRange     '2.4.4',
342 silly addNameRange     '2.4.5',
342 silly addNameRange     '2.4.6',
342 silly addNameRange     '2.4.7',
342 silly addNameRange     '2.4.8',
342 silly addNameRange     '2.4.9',
342 silly addNameRange     '2.4.10',
342 silly addNameRange     '2.5.0',
342 silly addNameRange     '2.5.1',
342 silly addNameRange     '2.5.2',
342 silly addNameRange     '2.5.3',
342 silly addNameRange     '2.5.4',
342 silly addNameRange     '2.5.5',
342 silly addNameRange     '2.5.6',
342 silly addNameRange     '2.5.7',
342 silly addNameRange     '2.5.8',
342 silly addNameRange     '2.5.9',
342 silly addNameRange     '2.5.10',
342 silly addNameRange     '2.5.11',
342 silly addNameRange     '2.5.12',
342 silly addNameRange     '2.5.13',
342 silly addNameRange     '2.5.14',
342 silly addNameRange     '2.6.0',
342 silly addNameRange     '2.6.1',
342 silly addNameRange     '2.6.2',
342 silly addNameRange     '2.6.3',
342 silly addNameRange     '2.6.4',
342 silly addNameRange     '2.6.5',
342 silly addNameRange     '2.6.6',
342 silly addNameRange     '2.6.7',
342 silly addNameRange     '2.6.8',
342 silly addNameRange     '2.7.0',
342 silly addNameRange     '2.7.1',
342 silly addNameRange     '2.7.2',
342 silly addNameRange     '2.7.4',
342 silly addNameRange     '2.7.3',
342 silly addNameRange     '3.0.0',
342 silly addNameRange     '3.0.1',
342 silly addNameRange     '3.0.2',
342 silly addNameRange     '2.8.0',
342 silly addNameRange     '3.0.3',
342 silly addNameRange     '3.1.0',
342 silly addNameRange     '2.8.1',
342 silly addNameRange     '3.1.1',
342 silly addNameRange     '2.8.2',
342 silly addNameRange     '2.8.3',
342 silly addNameRange     '2.9.0',
342 silly addNameRange     '3.2.0',
342 silly addNameRange     '2.9.1',
342 silly addNameRange     '3.2.1',
342 silly addNameRange     '2.9.2',
342 silly addNameRange     '3.2.2',
342 silly addNameRange     '3.3.0',
342 silly addNameRange     '3.3.1',
342 silly addNameRange     '2.9.3',
342 silly addNameRange     '3.4.0',
342 silly addNameRange     '2.9.4',
342 silly addNameRange     '2.9.5',
342 silly addNameRange     '3.5.0',
342 silly addNameRange     '3.5.1',
342 silly addNameRange     '3.5.2',
342 silly addNameRange     '3.5.3',
342 silly addNameRange     '2.9.6',
342 silly addNameRange     '2.9.7',
342 silly addNameRange     '3.5.4',
342 silly addNameRange     '3.5.5',
342 silly addNameRange     '2.9.8',
342 silly addNameRange     '2.9.9',
342 silly addNameRange     '3.5.6',
342 silly addNameRange     '3.5.7',
342 silly addNameRange     '3.5.8',
342 silly addNameRange     '2.9.10',
342 silly addNameRange     '3.5.9',
342 silly addNameRange     '3.6.2',
342 silly addNameRange     '3.5.10',
342 silly addNameRange     '3.6.3',
342 silly addNameRange     '3.5.11',
342 silly addNameRange     '3.6.4',
342 silly addNameRange     '3.6.5',
342 silly addNameRange     '3.6.6',
342 silly addNameRange     '3.6.7',
342 silly addNameRange     '3.5.12',
342 silly addNameRange     '3.6.8',
342 silly addNameRange     '3.6.9',
342 silly addNameRange     '3.6.10',
342 silly addNameRange     '3.5.13',
342 silly addNameRange     '3.5.14',
342 silly addNameRange     '3.6.11',
342 silly addNameRange     '3.6.12',
342 silly addNameRange     '3.6.13',
342 silly addNameRange     '3.6.14',
342 silly addNameRange     '3.6.15',
342 silly addNameRange     '3.5.15',
342 silly addNameRange     '3.7.0',
342 silly addNameRange     '3.6.16',
342 silly addNameRange     '3.5.16',
342 silly addNameRange     '3.6.17',
342 silly addNameRange     '3.7.2',
342 silly addNameRange     '3.0.0-alpha1',
342 silly addNameRange     '3.0.0-alpha2',
342 silly addNameRange     '3.0.0-rc0',
342 silly addNameRange     '3.6.0-rc0',
342 silly addNameRange     '3.6.0-rc1',
342 silly addNameRange     '3.6.18',
342 silly addNameRange     '3.7.3',
342 silly addNameRange     '3.6.19',
342 silly addNameRange     '3.6.20',
342 silly addNameRange     '3.7.4',
342 silly addNameRange     '3.8.0',
342 silly addNameRange     '3.8.1',
342 silly addNameRange     '3.8.2',
342 silly addNameRange     '3.8.3',
342 silly addNameRange     '3.8.4',
342 silly addNameRange     '3.8.5',
342 silly addNameRange     '3.8.6',
342 silly addNameRange     '3.8.7',
342 silly addNameRange     '3.8.8',
342 silly addNameRange     '3.8.9',
342 silly addNameRange     '3.8.10',
342 silly addNameRange     '3.8.11',
342 silly addNameRange     '3.9.0',
342 silly addNameRange     '3.8.12',
342 silly addNameRange     '3.8.13',
342 silly addNameRange     '3.8.14',
342 silly addNameRange     '3.8.15',
342 silly addNameRange     '3.9.1',
342 silly addNameRange     '3.8.16',
342 silly addNameRange     '3.9.2',
342 silly addNameRange     '3.8.17',
342 silly addNameRange     '3.9.3',
342 silly addNameRange     '3.8.18',
342 silly addNameRange     '3.9.4',
342 silly addNameRange     '3.8.19',
342 silly addNameRange     '3.9.5',
342 silly addNameRange     '3.8.20',
342 silly addNameRange     '3.9.6',
342 silly addNameRange     '3.8.21',
342 silly addNameRange     '3.9.7',
342 silly addNameRange     '3.8.22',
342 silly addNameRange     '4.0.0-rc0',
342 silly addNameRange     '4.0.0-rc1',
342 silly addNameRange     '3.8.23',
342 silly addNameRange     '4.0.0-rc2',
342 silly addNameRange     '3.8.24',
342 silly addNameRange     '4.0.0-rc3',
342 silly addNameRange     '3.8.25',
342 silly addNameRange     '4.0.0-rc4',
342 silly addNameRange     '4.0.0',
342 silly addNameRange     '4.0.1',
342 silly addNameRange     '3.8.26' ] ]
343 verbose addNamed [ 'mongoose', '3.8.26' ]
344 verbose addNamed [ '3.8.26', '3.8.26' ]
345 silly lockFile 3aa6adae-mongoose-3-8-26 mongoose@3.8.26
346 verbose lock mongoose@3.8.26 /home/brandon/.npm/3aa6adae-mongoose-3-8-26.lock
347 silly addNameRange number 2 { name: 'octonode', range: '>=0.6.13-0 <0.7.0-0', hasData: true }
348 silly addNameRange versions [ 'octonode',
348 silly addNameRange   [ '0.1.0',
348 silly addNameRange     '0.1.1',
348 silly addNameRange     '0.1.2',
348 silly addNameRange     '0.1.3',
348 silly addNameRange     '0.2.0',
348 silly addNameRange     '0.2.1',
348 silly addNameRange     '0.2.2',
348 silly addNameRange     '0.2.3',
348 silly addNameRange     '0.3.0',
348 silly addNameRange     '0.3.1',
348 silly addNameRange     '0.3.2',
348 silly addNameRange     '0.3.3',
348 silly addNameRange     '0.3.4',
348 silly addNameRange     '0.3.5',
348 silly addNameRange     '0.3.6',
348 silly addNameRange     '0.3.7',
348 silly addNameRange     '0.3.8',
348 silly addNameRange     '0.3.9',
348 silly addNameRange     '0.4.0',
348 silly addNameRange     '0.4.1',
348 silly addNameRange     '0.4.2',
348 silly addNameRange     '0.4.3',
348 silly addNameRange     '0.5.0',
348 silly addNameRange     '0.5.1',
348 silly addNameRange     '0.5.2',
348 silly addNameRange     '0.6.0',
348 silly addNameRange     '0.6.2',
348 silly addNameRange     '0.6.3',
348 silly addNameRange     '0.6.4',
348 silly addNameRange     '0.6.5',
348 silly addNameRange     '0.6.6',
348 silly addNameRange     '0.6.7',
348 silly addNameRange     '0.6.8',
348 silly addNameRange     '0.6.9',
348 silly addNameRange     '0.6.10',
348 silly addNameRange     '0.6.11',
348 silly addNameRange     '0.6.12',
348 silly addNameRange     '0.6.13',
348 silly addNameRange     '0.6.14',
348 silly addNameRange     '0.6.15',
348 silly addNameRange     '0.6.16',
348 silly addNameRange     '0.6.17' ] ]
349 verbose addNamed [ 'octonode', '0.6.17' ]
350 verbose addNamed [ '0.6.17', '0.6.17' ]
351 silly lockFile 169bd944-octonode-0-6-17 octonode@0.6.17
352 verbose lock octonode@0.6.17 /home/brandon/.npm/169bd944-octonode-0-6-17.lock
353 silly addNameRange number 2 { name: 'serve-favicon',
353 silly addNameRange   range: '>=2.1.3-0 <2.2.0-0',
353 silly addNameRange   hasData: true }
354 silly addNameRange versions [ 'serve-favicon',
354 silly addNameRange   [ '2.0.0',
354 silly addNameRange     '2.0.1',
354 silly addNameRange     '2.1.0',
354 silly addNameRange     '2.1.1',
354 silly addNameRange     '2.1.2',
354 silly addNameRange     '2.1.3',
354 silly addNameRange     '2.1.4',
354 silly addNameRange     '2.1.5',
354 silly addNameRange     '2.1.6',
354 silly addNameRange     '2.1.7',
354 silly addNameRange     '2.2.0' ] ]
355 verbose addNamed [ 'serve-favicon', '2.1.7' ]
356 verbose addNamed [ '2.1.7', '2.1.7' ]
357 silly lockFile 041e16ae-serve-favicon-2-1-7 serve-favicon@2.1.7
358 verbose lock serve-favicon@2.1.7 /home/brandon/.npm/041e16ae-serve-favicon-2-1-7.lock
359 silly addNameRange number 2 { name: 'highlight.js',
359 silly addNameRange   range: '>=8.4.0-0 <8.5.0-0',
359 silly addNameRange   hasData: true }
360 silly addNameRange versions [ 'highlight.js',
360 silly addNameRange   [ '1.0.0',
360 silly addNameRange     '1.0.1',
360 silly addNameRange     '1.0.2',
360 silly addNameRange     '1.0.3',
360 silly addNameRange     '1.0.4',
360 silly addNameRange     '1.1.0',
360 silly addNameRange     '1.1.1',
360 silly addNameRange     '1.2.0',
360 silly addNameRange     '7.0.1',
360 silly addNameRange     '7.1.0',
360 silly addNameRange     '7.2.0',
360 silly addNameRange     '7.3.0',
360 silly addNameRange     '7.4.0',
360 silly addNameRange     '7.5.0',
360 silly addNameRange     '8.0.0',
360 silly addNameRange     '8.1.0',
360 silly addNameRange     '8.2.0',
360 silly addNameRange     '8.3.0',
360 silly addNameRange     '8.4.0',
360 silly addNameRange     '8.5.0' ] ]
361 verbose addNamed [ 'highlight.js', '8.4.0' ]
362 verbose addNamed [ '8.4.0', '8.4.0' ]
363 silly lockFile f8c5ffa8-highlight-js-8-4-0 highlight.js@8.4.0
364 verbose lock highlight.js@8.4.0 /home/brandon/.npm/f8c5ffa8-highlight-js-8-4-0.lock
365 silly addNameRange number 2 { name: 'body-parser',
365 silly addNameRange   range: '>=1.8.1-0 <1.9.0-0',
365 silly addNameRange   hasData: true }
366 silly addNameRange versions [ 'body-parser',
366 silly addNameRange   [ '1.0.0',
366 silly addNameRange     '1.0.1',
366 silly addNameRange     '1.0.2',
366 silly addNameRange     '1.1.0',
366 silly addNameRange     '1.1.1',
366 silly addNameRange     '1.1.2',
366 silly addNameRange     '1.2.0',
366 silly addNameRange     '1.2.1',
366 silly addNameRange     '1.2.2',
366 silly addNameRange     '1.3.0',
366 silly addNameRange     '1.3.1',
366 silly addNameRange     '1.4.0',
366 silly addNameRange     '1.4.1',
366 silly addNameRange     '1.4.2',
366 silly addNameRange     '1.4.3',
366 silly addNameRange     '1.5.0',
366 silly addNameRange     '1.5.1',
366 silly addNameRange     '1.5.2',
366 silly addNameRange     '1.6.0',
366 silly addNameRange     '1.6.1',
366 silly addNameRange     '1.6.2',
366 silly addNameRange     '1.6.3',
366 silly addNameRange     '1.6.4',
366 silly addNameRange     '1.6.5',
366 silly addNameRange     '1.6.6',
366 silly addNameRange     '1.6.7',
366 silly addNameRange     '1.7.0',
366 silly addNameRange     '1.8.0',
366 silly addNameRange     '1.8.1',
366 silly addNameRange     '1.8.2',
366 silly addNameRange     '1.8.3',
366 silly addNameRange     '1.8.4',
366 silly addNameRange     '1.9.0',
366 silly addNameRange     '1.9.1',
366 silly addNameRange     '1.9.2',
366 silly addNameRange     '1.9.3',
366 silly addNameRange     '1.10.0',
366 silly addNameRange     '1.10.1',
366 silly addNameRange     '1.10.2',
366 silly addNameRange     '1.11.0',
366 silly addNameRange     '1.12.0',
366 silly addNameRange     '1.12.1',
366 silly addNameRange     '1.12.2',
366 silly addNameRange     '1.12.3' ] ]
367 verbose addNamed [ 'body-parser', '1.8.4' ]
368 verbose addNamed [ '1.8.4', '1.8.4' ]
369 silly lockFile 5cba912c-body-parser-1-8-4 body-parser@1.8.4
370 verbose lock body-parser@1.8.4 /home/brandon/.npm/5cba912c-body-parser-1-8-4.lock
371 silly lockFile db8a9715-cookie-parser-1-3-4 cookie-parser@1.3.4
372 silly lockFile db8a9715-cookie-parser-1-3-4 cookie-parser@1.3.4
373 silly lockFile 095bd820-debug-2-0-0 debug@2.0.0
374 silly lockFile 095bd820-debug-2-0-0 debug@2.0.0
375 silly lockFile 1cfdfce5-marked-0-3-3 marked@0.3.3
376 silly lockFile 1cfdfce5-marked-0-3-3 marked@0.3.3
377 silly lockFile 3e3a25f6-express-4-9-8 express@4.9.8
378 silly lockFile 3e3a25f6-express-4-9-8 express@4.9.8
379 silly lockFile bf5babd8-cookie-parser-1-3-3 cookie-parser@~1.3.3
380 silly lockFile bf5babd8-cookie-parser-1-3-3 cookie-parser@~1.3.3
381 silly lockFile 12b6356d-debug-2-0-0 debug@~2.0.0
382 silly lockFile 12b6356d-debug-2-0-0 debug@~2.0.0
383 silly lockFile b2494059-marked-0-3-3 marked@~0.3.3
384 silly lockFile b2494059-marked-0-3-3 marked@~0.3.3
385 silly lockFile 6ae7fa08-express-4-9-0 express@~4.9.0
386 silly lockFile 6ae7fa08-express-4-9-0 express@~4.9.0
387 silly lockFile 97be462a-aws-sdk-2-1-24 aws-sdk@2.1.24
388 silly lockFile 97be462a-aws-sdk-2-1-24 aws-sdk@2.1.24
389 silly lockFile 0de5a8ca-aws-sdk-2-1-8 aws-sdk@~2.1.8
390 silly lockFile 0de5a8ca-aws-sdk-2-1-8 aws-sdk@~2.1.8
391 silly lockFile 7e2b41c6-morgan-1-3-2 morgan@1.3.2
392 silly lockFile 7e2b41c6-morgan-1-3-2 morgan@1.3.2
393 silly lockFile c06071bd-jade-1-6-0 jade@1.6.0
394 silly lockFile c06071bd-jade-1-6-0 jade@1.6.0
395 silly lockFile 3aa6adae-mongoose-3-8-26 mongoose@3.8.26
396 silly lockFile 3aa6adae-mongoose-3-8-26 mongoose@3.8.26
397 silly lockFile a4a9bdf4-morgan-1-3-0 morgan@~1.3.0
398 silly lockFile a4a9bdf4-morgan-1-3-0 morgan@~1.3.0
399 silly lockFile 169bd944-octonode-0-6-17 octonode@0.6.17
400 silly lockFile 169bd944-octonode-0-6-17 octonode@0.6.17
401 silly lockFile ad8c17a8-jade-1-6-0 jade@~1.6.0
402 silly lockFile ad8c17a8-jade-1-6-0 jade@~1.6.0
403 silly lockFile 9bb8523b-mongoose-3-8-17 mongoose@~3.8.17
404 silly lockFile 9bb8523b-mongoose-3-8-17 mongoose@~3.8.17
405 silly lockFile 2e7ad233-octonode-0-6-13 octonode@~0.6.13
406 silly lockFile 2e7ad233-octonode-0-6-13 octonode@~0.6.13
407 silly lockFile 041e16ae-serve-favicon-2-1-7 serve-favicon@2.1.7
408 silly lockFile 041e16ae-serve-favicon-2-1-7 serve-favicon@2.1.7
409 silly lockFile f8c5ffa8-highlight-js-8-4-0 highlight.js@8.4.0
410 silly lockFile f8c5ffa8-highlight-js-8-4-0 highlight.js@8.4.0
411 silly lockFile 5cba912c-body-parser-1-8-4 body-parser@1.8.4
412 silly lockFile 5cba912c-body-parser-1-8-4 body-parser@1.8.4
413 silly lockFile 38295489-serve-favicon-2-1-3 serve-favicon@~2.1.3
414 silly lockFile 38295489-serve-favicon-2-1-3 serve-favicon@~2.1.3
415 silly lockFile ce464ecd-highlight-js-8-4-0 highlight.js@~8.4.0
416 silly lockFile ce464ecd-highlight-js-8-4-0 highlight.js@~8.4.0
417 silly lockFile a49948c1-body-parser-1-8-1 body-parser@~1.8.1
418 silly lockFile a49948c1-body-parser-1-8-1 body-parser@~1.8.1
419 http 304 https://registry.npmjs.org/multer
420 silly registry.get cb [ 304,
420 silly registry.get   { date: 'Mon, 20 Apr 2015 19:16:31 GMT',
420 silly registry.get     server: 'Apache',
420 silly registry.get     via: '1.1 varnish',
420 silly registry.get     'last-modified': 'Mon, 20 Apr 2015 19:16:31 GMT',
420 silly registry.get     'cache-control': 'max-age=60',
420 silly registry.get     etag: '"1RS6L387TXDL2F3T6JD3P9TUQ"',
420 silly registry.get     age: '0',
420 silly registry.get     'x-served-by': 'cache-lax1425-LAX',
420 silly registry.get     'x-cache': 'HIT',
420 silly registry.get     'x-cache-hits': '1',
420 silly registry.get     'x-timer': 'S1429557391.553978,VS0,VE312',
420 silly registry.get     vary: 'Accept',
420 silly registry.get     'content-length': '0',
420 silly registry.get     'keep-alive': 'timeout=10, max=48',
420 silly registry.get     connection: 'Keep-Alive' } ]
421 verbose etag https://registry.npmjs.org/multer from cache
422 silly addNameRange number 2 { name: 'multer', range: '>=0.1.7-0 <0.2.0-0', hasData: true }
423 silly addNameRange versions [ 'multer',
423 silly addNameRange   [ '0.0.1',
423 silly addNameRange     '0.0.2',
423 silly addNameRange     '0.0.3',
423 silly addNameRange     '0.0.4',
423 silly addNameRange     '0.0.5',
423 silly addNameRange     '0.0.6',
423 silly addNameRange     '0.0.7',
423 silly addNameRange     '0.1.0',
423 silly addNameRange     '0.1.1',
423 silly addNameRange     '0.1.2',
423 silly addNameRange     '0.1.3',
423 silly addNameRange     '0.1.4',
423 silly addNameRange     '0.1.6',
423 silly addNameRange     '0.1.7',
423 silly addNameRange     '0.1.8' ] ]
424 verbose addNamed [ 'multer', '0.1.8' ]
425 verbose addNamed [ '0.1.8', '0.1.8' ]
426 silly lockFile ea8f2dd0-multer-0-1-8 multer@0.1.8
427 verbose lock multer@0.1.8 /home/brandon/.npm/ea8f2dd0-multer-0-1-8.lock
428 silly lockFile ea8f2dd0-multer-0-1-8 multer@0.1.8
429 silly lockFile ea8f2dd0-multer-0-1-8 multer@0.1.8
430 silly lockFile afa52bca-multer-0-1-7 multer@~0.1.7
431 silly lockFile afa52bca-multer-0-1-7 multer@~0.1.7
432 verbose addRemoteGit [ 'https://github.com/BClark-Grad-Project/site-data',
432 verbose addRemoteGit   'mindproject' ]
433 verbose git remote.origin.url https://github.com/BClark-Grad-Project/site-data
434 error git fetch -a origin (https://github.com/BClark-Grad-Project/site-data) fatal: unable to access 'https://github.com/BClark-Grad-Project/site-data/': gnutls_handshake() failed: Error in the pull function.
435 silly lockFile 13243703-om-BClark-Grad-Project-site-data https://github.com/BClark-Grad-Project/site-data
436 silly lockFile 13243703-om-BClark-Grad-Project-site-data https://github.com/BClark-Grad-Project/site-data
437 error Error: Command failed: fatal: unable to access 'https://github.com/BClark-Grad-Project/site-data/': gnutls_handshake() failed: Error in the pull function.
437 error
437 error     at ChildProcess.exithandler (child_process.js:648:15)
437 error     at ChildProcess.emit (events.js:98:17)
437 error     at maybeClose (child_process.js:756:16)
437 error     at Process.ChildProcess._handle.onexit (child_process.js:823:5)
438 error If you need help, you may report this *entire* log,
438 error including the npm and node versions, at:
438 error     <http://github.com/npm/npm/issues>
439 error System Linux 3.16.0-34-generic
440 error command "/usr/local/bin/node" "/usr/local/bin/npm" "install"
441 error cwd /home/brandon/Development/GradProject/mindproject/local
442 error node -v v0.10.32
443 error npm -v 1.4.28
444 error code 128
445 verbose exit [ 1, true ]
